[2016-11-22 12:57:13] DbHandler.INFO: getMediaPath of 1 [] []
[2016-11-22 12:57:13] Main.INFO: /getMedia sending media from path ../../res/app/1/American-Gothic-grant-wood-painting.jpg [] []
[2016-11-22 13:50:31] DbHandler.INFO: getMediaPath of 1 [] []
[2016-11-22 13:50:31] Main.INFO: /getMedia sending media from path ../../res/app/1/American-Gothic-grant-wood-painting.jpg [] []
[2016-11-22 14:58:07] DbHandler.INFO: getMediaPath of 1 [] []
[2016-11-22 14:58:07] Main.INFO: /getMedia sending media from path ../../res/app/1/American-Gothic-grant-wood-painting.jpg [] []
[2016-11-22 15:31:05] DbHandler.INFO: getMediaPath of 1 [] []
[2016-11-22 15:31:05] Main.INFO: /getMedia sending media from path ../../res/app/1/American-Gothic-grant-wood-painting.jpg [] []
[2016-11-22 15:38:48] DbHandler.INFO: getMediaPath of 1 [] []
[2016-11-22 15:38:48] Main.INFO: /getMedia sending media from path ../../res/app/1/American-Gothic-grant-wood-painting.jpg [] []
[2016-11-22 15:46:25] DbHandler.INFO: getMediaPath of 1 [] []
[2016-11-22 15:46:25] Main.INFO: /getMedia sending media from path ../../res/app/1/American-Gothic-grant-wood-painting.jpg [] []
[2016-11-22 15:46:42] DbHandler.INFO: getMediaPath of 1 [] []
[2016-11-22 15:46:42] Main.INFO: /getMedia sending media from path ../../res/app/1/American-Gothic-grant-wood-painting.jpg [] []
[2016-11-23 11:00:55] DbHandler.INFO: getMediaPath of 238 [] []
[2016-11-23 11:00:55] Main.INFO: /getMedia sending media from path ./res/app/58/background.jpg [] []
[2016-11-23 11:01:51] DbHandler.INFO: getMediaPath of 1 [] []
[2016-11-23 11:01:51] Main.INFO: /getMedia sending media from path ../../res/app/1/American-Gothic-grant-wood-painting.jpg [] []
[2016-11-23 11:01:56] DbHandler.INFO: getMediaPath of 2 [] []
[2016-11-23 11:01:56] Main.INFO: /getMedia sending media from path ../../res/app/1/landscape-with-the-fall-of-icarus-pieter-bruegel2.jpg [] []
[2016-11-23 11:06:19] DbHandler.INFO: getMediaPath of 2 [] []
[2016-11-23 11:06:19] Main.INFO: /getMedia sending media from path ../../res/app/1/landscape-with-the-fall-of-icarus-pieter-bruegel2.jpg [] []
[2016-11-23 16:08:37] Main.INFO: User sign in  [] []
[2016-11-23 16:08:37] Main.INFO: Create and add token to user with id 1 [] []
[2016-11-23 16:08:37] Main.INFO: /user headers Authorization: Bearer eyJ0eXAiOiJKV1QiLCJhbGciOiJIUzI1NiJ9.eyJpYXQiOjE0Nzk5MTczMTcsIm5iZiI6MTQ3OTkxNzMxNywiZXhwIjoxNDgwNTIyMTE3LCJkYXRhIjp7InVzZXJJZCI6MX19.8JAlPVH_B64ymdi7N5pE3NhRoaIlW3XK4hEQSQtzGBI [] []
[2016-11-23 16:08:37] Main.INFO: jwt eyJ0eXAiOiJKV1QiLCJhbGciOiJIUzI1NiJ9.eyJpYXQiOjE0Nzk5MTczMTcsIm5iZiI6MTQ3OTkxNzMxNywiZXhwIjoxNDgwNTIyMTE3LCJkYXRhIjp7InVzZXJJZCI6MX19.8JAlPVH_B64ymdi7N5pE3NhRoaIlW3XK4hEQSQtzGBI [] []
[2016-11-23 16:08:37] Main.INFO: User's info sent [] []
[2016-11-23 16:08:39] DbHandler.INFO: getMediaPath of 1 [] []
[2016-11-23 16:08:39] Main.INFO: /getMedia sending media from path ../../res/app/1/American-Gothic-grant-wood-painting.jpg [] []
[2016-11-23 16:08:39] DbHandler.INFO: getMediaPath of 1 [] []
[2016-11-23 16:08:39] Main.INFO: /getMedia sending media from path ../../res/app/1/American-Gothic-grant-wood-painting.jpg [] []
[2016-11-23 16:08:39] DbHandler.INFO: getMediaPath of 1 [] []
[2016-11-23 16:08:39] Main.INFO: /getMedia sending media from path ../../res/app/1/American-Gothic-grant-wood-painting.jpg [] []
[2016-11-23 16:08:40] DbHandler.INFO: getMediaPath of 104 [] []
[2016-11-23 16:08:40] Main.INFO: /getMedia sending media from path ../../res/app/9/Auguste_Renoir_-_Dance_at_Le_Moulin_de_la_Galette_-_Musée_dOrsay_RF_2739_derivative_work_-_AutoContrast_edit_in_LCH_space-1024x761.jpg [] []
[2016-11-23 16:08:40] DbHandler.INFO: getMediaPath of 125 [] []
[2016-11-23 16:08:40] Main.INFO: /getMedia sending media from path ../../res/app/default/icon.png [] []
[2016-11-23 16:08:40] DbHandler.INFO: getMediaPath of 133 [] []
[2016-11-23 16:08:40] Main.INFO: /getMedia sending media from path ../../res/app/default/icon.png [] []
[2016-11-23 16:08:40] DbHandler.INFO: getMediaPath of 155 [] []
[2016-11-23 16:08:40] Main.INFO: /getMedia sending media from path ../../res/app/default/icon.png [] []
[2016-11-23 16:08:40] DbHandler.INFO: getMediaPath of 157 [] []
[2016-11-23 16:08:40] Main.INFO: /getMedia sending media from path ../../res/app/default/icon.png [] []
[2016-11-23 16:08:40] DbHandler.INFO: getMediaPath of 1 [] []
[2016-11-23 16:08:40] Main.INFO: /getMedia sending media from path ../../res/app/1/American-Gothic-grant-wood-painting.jpg [] []
[2016-11-23 16:08:40] DbHandler.INFO: getMediaPath of 1 [] []
[2016-11-23 16:08:40] Main.INFO: /getMedia sending media from path ../../res/app/1/American-Gothic-grant-wood-painting.jpg [] []
[2016-11-23 16:08:40] DbHandler.INFO: getMediaPath of 1 [] []
[2016-11-23 16:08:40] Main.INFO: /getMedia sending media from path ../../res/app/1/American-Gothic-grant-wood-painting.jpg [] []
[2016-11-23 16:08:41] DbHandler.INFO: getMediaPath of 1 [] []
[2016-11-23 16:08:41] Main.INFO: /getMedia sending media from path ../../res/app/1/American-Gothic-grant-wood-painting.jpg [] []
[2016-11-23 16:08:41] DbHandler.INFO: getMediaPath of 1 [] []
[2016-11-23 16:08:41] Main.INFO: /getMedia sending media from path ../../res/app/1/American-Gothic-grant-wood-painting.jpg [] []
[2016-11-23 16:08:41] DbHandler.INFO: getMediaPath of 1 [] []
[2016-11-23 16:08:41] Main.INFO: /getMedia sending media from path ../../res/app/1/American-Gothic-grant-wood-painting.jpg [] []
[2016-11-23 16:08:41] DbHandler.INFO: getMediaPath of 161 [] []
[2016-11-23 16:08:41] Main.INFO: /getMedia sending media from path ../../res/app/default/icon.png [] []
[2016-11-23 16:08:41] DbHandler.INFO: getMediaPath of 170 [] []
[2016-11-23 16:08:41] Main.INFO: /getMedia sending media from path ../../res/app/default/icon.png [] []
[2016-11-23 16:08:41] DbHandler.INFO: getMediaPath of 1 [] []
[2016-11-23 16:08:41] Main.INFO: /getMedia sending media from path ../../res/app/1/American-Gothic-grant-wood-painting.jpg [] []
[2016-11-23 16:08:41] DbHandler.INFO: getMediaPath of 1 [] []
[2016-11-23 16:08:41] Main.INFO: /getMedia sending media from path ../../res/app/1/American-Gothic-grant-wood-painting.jpg [] []
[2016-11-23 16:08:42] DbHandler.INFO: getMediaPath of 172 [] []
[2016-11-23 16:08:42] Main.INFO: /getMedia sending media from path ../../res/app/default/icon.png [] []
[2016-11-23 16:08:42] DbHandler.INFO: getMediaPath of 177 [] []
[2016-11-23 16:08:42] Main.INFO: /getMedia sending media from path ../../res/app/default/icon.png [] []
[2016-11-23 16:08:42] DbHandler.INFO: getMediaPath of 1 [] []
[2016-11-23 16:08:42] Main.INFO: /getMedia sending media from path ../../res/app/1/American-Gothic-grant-wood-painting.jpg [] []
[2016-11-23 16:08:42] DbHandler.INFO: getMediaPath of 1 [] []
[2016-11-23 16:08:42] Main.INFO: /getMedia sending media from path ../../res/app/1/American-Gothic-grant-wood-painting.jpg [] []
[2016-11-23 16:08:42] DbHandler.INFO: getMediaPath of 179 [] []
[2016-11-23 16:08:42] Main.INFO: /getMedia sending media from path ../../res/app/default/icon.png [] []
[2016-11-23 16:08:42] DbHandler.INFO: getMediaPath of 183 [] []
[2016-11-23 16:08:42] Main.INFO: /getMedia sending media from path ../../res/app/default/icon.png [] []
[2016-11-23 16:08:42] DbHandler.INFO: getMediaPath of 1 [] []
[2016-11-23 16:08:42] Main.INFO: /getMedia sending media from path ../../res/app/1/American-Gothic-grant-wood-painting.jpg [] []
[2016-11-23 16:08:42] DbHandler.INFO: getMediaPath of 1 [] []
[2016-11-23 16:08:42] Main.INFO: /getMedia sending media from path ../../res/app/1/American-Gothic-grant-wood-painting.jpg [] []
[2016-11-23 16:08:43] DbHandler.INFO: getMediaPath of 185 [] []
[2016-11-23 16:08:43] Main.INFO: /getMedia sending media from path ../../res/app/default/icon.png [] []
[2016-11-23 16:08:43] DbHandler.INFO: getMediaPath of 187 [] []
[2016-11-23 16:08:43] Main.INFO: /getMedia sending media from path ../../res/app/default/icon.png [] []
[2016-11-23 16:08:43] DbHandler.INFO: getMediaPath of 189 [] []
[2016-11-23 16:08:43] Main.INFO: /getMedia sending media from path ../../res/app/default/icon.png [] []
[2016-11-23 16:08:43] DbHandler.INFO: getMediaPath of 191 [] []
[2016-11-23 16:08:43] Main.INFO: /getMedia sending media from path ../../res/app/default/icon.png [] []
[2016-11-23 16:08:43] DbHandler.INFO: getMediaPath of 1 [] []
[2016-11-23 16:08:43] Main.INFO: /getMedia sending media from path ../../res/app/1/American-Gothic-grant-wood-painting.jpg [] []
[2016-11-23 16:08:43] DbHandler.INFO: getMediaPath of 1 [] []
[2016-11-23 16:08:43] Main.INFO: /getMedia sending media from path ../../res/app/1/American-Gothic-grant-wood-painting.jpg [] []
[2016-11-23 16:08:43] DbHandler.INFO: getMediaPath of 193 [] []
[2016-11-23 16:08:43] Main.INFO: /getMedia sending media from path ../../res/app/default/icon.png [] []
[2016-11-23 16:08:43] DbHandler.INFO: getMediaPath of 195 [] []
[2016-11-23 16:08:43] Main.INFO: /getMedia sending media from path ../../res/app/default/icon.png [] []
[2016-11-23 16:08:43] DbHandler.INFO: getMediaPath of 1 [] []
[2016-11-23 16:08:43] Main.INFO: /getMedia sending media from path ../../res/app/1/American-Gothic-grant-wood-painting.jpg [] []
[2016-11-23 16:08:44] DbHandler.INFO: getMediaPath of 1 [] []
[2016-11-23 16:08:44] Main.INFO: /getMedia sending media from path ../../res/app/1/American-Gothic-grant-wood-painting.jpg [] []
[2016-11-23 16:08:44] DbHandler.INFO: getMediaPath of 197 [] []
[2016-11-23 16:08:44] Main.INFO: /getMedia sending media from path ../../res/app/default/icon.png [] []
[2016-11-23 16:08:44] DbHandler.INFO: getMediaPath of 199 [] []
[2016-11-23 16:08:44] Main.INFO: /getMedia sending media from path ../../res/app/default/icon.png [] []
[2016-11-23 16:08:44] DbHandler.INFO: getMediaPath of 201 [] []
[2016-11-23 16:08:44] Main.INFO: /getMedia sending media from path ../../res/app/default/icon.png [] []
[2016-11-23 16:08:44] DbHandler.INFO: getMediaPath of 203 [] []
[2016-11-23 16:08:44] Main.INFO: /getMedia sending media from path ../../res/app/default/icon.png [] []
[2016-11-23 16:08:44] DbHandler.INFO: getMediaPath of 205 [] []
[2016-11-23 16:08:44] Main.INFO: /getMedia sending media from path ../../res/app/default/icon.png [] []
[2016-11-23 16:08:44] DbHandler.INFO: getMediaPath of 207 [] []
[2016-11-23 16:08:44] Main.INFO: /getMedia sending media from path ../../res/app/default/icon.png [] []
[2016-11-23 16:08:44] DbHandler.INFO: getMediaPath of 1 [] []
[2016-11-23 16:08:44] Main.INFO: /getMedia sending media from path ../../res/app/1/American-Gothic-grant-wood-painting.jpg [] []
[2016-11-23 16:08:44] DbHandler.INFO: getMediaPath of 1 [] []
[2016-11-23 16:08:44] Main.INFO: /getMedia sending media from path ../../res/app/1/American-Gothic-grant-wood-painting.jpg [] []
[2016-11-23 16:08:44] DbHandler.INFO: getMediaPath of 209 [] []
[2016-11-23 16:08:44] Main.INFO: /getMedia sending media from path ../../res/app/default/icon.png [] []
[2016-11-23 16:08:44] DbHandler.INFO: getMediaPath of 211 [] []
[2016-11-23 16:08:44] Main.INFO: /getMedia sending media from path ../../res/app/default/icon.png [] []
[2016-11-23 16:08:45] DbHandler.INFO: getMediaPath of 213 [] []
[2016-11-23 16:08:45] Main.INFO: /getMedia sending media from path ../../res/app/default/icon.png [] []
[2016-11-23 16:08:45] DbHandler.INFO: getMediaPath of 215 [] []
[2016-11-23 16:08:45] Main.INFO: /getMedia sending media from path ../../res/app/default/icon.png [] []
[2016-11-23 16:08:45] DbHandler.INFO: getMediaPath of 222 [] []
[2016-11-23 16:08:45] Main.INFO: /getMedia sending media from path ../../res/app/default/icon.png [] []
[2016-11-23 16:08:45] DbHandler.INFO: getMediaPath of 226 [] []
[2016-11-23 16:08:45] Main.INFO: /getMedia sending media from path ../../res/app/default/icon.png [] []
[2016-11-23 16:08:45] DbHandler.INFO: getMediaPath of 229 [] []
[2016-11-23 16:08:45] Main.INFO: /getMedia sending media from path ./res/app/54/icon.jpg [] []
[2016-11-23 16:08:45] DbHandler.INFO: getMediaPath of 231 [] []
[2016-11-23 16:08:45] Main.INFO: /getMedia sending media from path ./res/app/default/icon.png [] []
[2016-11-23 16:08:45] DbHandler.INFO: getMediaPath of 233 [] []
[2016-11-23 16:08:45] Main.INFO: /getMedia sending media from path ./res/app/default/icon.png [] []
[2016-11-23 16:08:45] DbHandler.INFO: getMediaPath of 235 [] []
[2016-11-23 16:08:45] Main.INFO: /getMedia sending media from path ./res/app/default/icon.png [] []
[2016-11-23 16:08:45] DbHandler.INFO: getMediaPath of 237 [] []
[2016-11-23 16:08:45] Main.INFO: /getMedia sending media from path ./res/app/58/Paris Digital Lab.png [] []
[2016-11-23 16:08:45] DbHandler.INFO: getMediaPath of 1 [] []
[2016-11-23 16:08:45] Main.INFO: /getMedia sending media from path ../../res/app/1/American-Gothic-grant-wood-painting.jpg [] []
[2016-11-23 16:08:45] DbHandler.INFO: getMediaPath of 1 [] []
[2016-11-23 16:08:45] Main.INFO: /getMedia sending media from path ../../res/app/1/American-Gothic-grant-wood-painting.jpg [] []
[2016-11-23 16:08:45] DbHandler.INFO: getMediaPath of 1 [] []
[2016-11-23 16:08:45] Main.INFO: /getMedia sending media from path ../../res/app/1/American-Gothic-grant-wood-painting.jpg [] []
[2016-11-23 16:08:46] DbHandler.INFO: getMediaPath of 1 [] []
[2016-11-23 16:08:46] Main.INFO: /getMedia sending media from path ../../res/app/1/American-Gothic-grant-wood-painting.jpg [] []
[2016-11-23 16:08:46] DbHandler.INFO: getMediaPath of 1 [] []
[2016-11-23 16:08:46] Main.INFO: /getMedia sending media from path ../../res/app/1/American-Gothic-grant-wood-painting.jpg [] []
[2016-11-23 16:08:46] DbHandler.INFO: getMediaPath of 1 [] []
[2016-11-23 16:08:46] Main.INFO: /getMedia sending media from path ../../res/app/1/American-Gothic-grant-wood-painting.jpg [] []
[2016-11-23 16:08:46] DbHandler.INFO: getMediaPath of 1 [] []
[2016-11-23 16:08:46] Main.INFO: /getMedia sending media from path ../../res/app/1/American-Gothic-grant-wood-painting.jpg [] []
[2016-11-23 16:08:46] DbHandler.INFO: getMediaPath of 1 [] []
[2016-11-23 16:08:46] Main.INFO: /getMedia sending media from path ../../res/app/1/American-Gothic-grant-wood-painting.jpg [] []
[2016-11-23 16:08:46] DbHandler.INFO: getMediaPath of 222 [] []
[2016-11-23 16:08:46] Main.INFO: /getMedia sending media from path ../../res/app/default/icon.png [] []
[2016-11-23 16:08:46] DbHandler.INFO: getMediaPath of 226 [] []
[2016-11-23 16:08:46] Main.INFO: /getMedia sending media from path ../../res/app/default/icon.png [] []
[2016-11-23 16:08:47] DbHandler.INFO: getMediaPath of 213 [] []
[2016-11-23 16:08:47] Main.INFO: /getMedia sending media from path ../../res/app/default/icon.png [] []
[2016-11-23 16:08:47] DbHandler.INFO: getMediaPath of 215 [] []
[2016-11-23 16:08:47] Main.INFO: /getMedia sending media from path ../../res/app/default/icon.png [] []
[2016-11-23 16:08:47] DbHandler.INFO: getMediaPath of 209 [] []
[2016-11-23 16:08:47] Main.INFO: /getMedia sending media from path ../../res/app/default/icon.png [] []
[2016-11-23 16:08:47] DbHandler.INFO: getMediaPath of 211 [] []
[2016-11-23 16:08:47] Main.INFO: /getMedia sending media from path ../../res/app/default/icon.png [] []
[2016-11-23 16:08:47] DbHandler.INFO: getMediaPath of 205 [] []
[2016-11-23 16:08:47] Main.INFO: /getMedia sending media from path ../../res/app/default/icon.png [] []
[2016-11-23 16:08:47] DbHandler.INFO: getMediaPath of 207 [] []
[2016-11-23 16:08:47] Main.INFO: /getMedia sending media from path ../../res/app/default/icon.png [] []
[2016-11-23 16:08:47] DbHandler.INFO: getMediaPath of 201 [] []
[2016-11-23 16:08:47] Main.INFO: /getMedia sending media from path ../../res/app/default/icon.png [] []
[2016-11-23 16:08:47] DbHandler.INFO: getMediaPath of 203 [] []
[2016-11-23 16:08:47] Main.INFO: /getMedia sending media from path ../../res/app/default/icon.png [] []
[2016-11-23 16:08:47] DbHandler.INFO: getMediaPath of 197 [] []
[2016-11-23 16:08:47] Main.INFO: /getMedia sending media from path ../../res/app/default/icon.png [] []
[2016-11-23 16:08:47] DbHandler.INFO: getMediaPath of 199 [] []
[2016-11-23 16:08:47] Main.INFO: /getMedia sending media from path ../../res/app/default/icon.png [] []
[2016-11-23 16:08:47] DbHandler.INFO: getMediaPath of 1 [] []
[2016-11-23 16:08:47] Main.INFO: /getMedia sending media from path ../../res/app/1/American-Gothic-grant-wood-painting.jpg [] []
[2016-11-23 16:08:47] DbHandler.INFO: getMediaPath of 1 [] []
[2016-11-23 16:08:47] Main.INFO: /getMedia sending media from path ../../res/app/1/American-Gothic-grant-wood-painting.jpg [] []
[2016-11-23 16:08:48] DbHandler.INFO: getMediaPath of 193 [] []
[2016-11-23 16:08:48] Main.INFO: /getMedia sending media from path ../../res/app/default/icon.png [] []
[2016-11-23 16:08:48] DbHandler.INFO: getMediaPath of 195 [] []
[2016-11-23 16:08:48] Main.INFO: /getMedia sending media from path ../../res/app/default/icon.png [] []
[2016-11-23 16:08:48] DbHandler.INFO: getMediaPath of 189 [] []
[2016-11-23 16:08:48] Main.INFO: /getMedia sending media from path ../../res/app/default/icon.png [] []
[2016-11-23 16:08:48] DbHandler.INFO: getMediaPath of 191 [] []
[2016-11-23 16:08:48] Main.INFO: /getMedia sending media from path ../../res/app/default/icon.png [] []
[2016-11-23 16:08:48] DbHandler.INFO: getMediaPath of 185 [] []
[2016-11-23 16:08:48] Main.INFO: /getMedia sending media from path ../../res/app/default/icon.png [] []
[2016-11-23 16:08:48] DbHandler.INFO: getMediaPath of 187 [] []
[2016-11-23 16:08:48] Main.INFO: /getMedia sending media from path ../../res/app/default/icon.png [] []
[2016-11-23 16:08:48] DbHandler.INFO: getMediaPath of 179 [] []
[2016-11-23 16:08:48] Main.INFO: /getMedia sending media from path ../../res/app/default/icon.png [] []
[2016-11-23 16:08:48] DbHandler.INFO: getMediaPath of 183 [] []
[2016-11-23 16:08:48] Main.INFO: /getMedia sending media from path ../../res/app/default/icon.png [] []
[2016-11-23 16:08:48] DbHandler.INFO: getMediaPath of 172 [] []
[2016-11-23 16:08:48] Main.INFO: /getMedia sending media from path ../../res/app/default/icon.png [] []
[2016-11-23 16:08:48] DbHandler.INFO: getMediaPath of 177 [] []
[2016-11-23 16:08:48] Main.INFO: /getMedia sending media from path ../../res/app/default/icon.png [] []
[2016-11-23 16:08:48] DbHandler.INFO: getMediaPath of 1 [] []
[2016-11-23 16:08:48] Main.INFO: /getMedia sending media from path ../../res/app/1/American-Gothic-grant-wood-painting.jpg [] []
[2016-11-23 16:08:48] DbHandler.INFO: getMediaPath of 1 [] []
[2016-11-23 16:08:48] Main.INFO: /getMedia sending media from path ../../res/app/1/American-Gothic-grant-wood-painting.jpg [] []
[2016-11-23 16:08:49] DbHandler.INFO: getMediaPath of 161 [] []
[2016-11-23 16:08:49] Main.INFO: /getMedia sending media from path ../../res/app/default/icon.png [] []
[2016-11-23 16:08:49] DbHandler.INFO: getMediaPath of 170 [] []
[2016-11-23 16:08:49] Main.INFO: /getMedia sending media from path ../../res/app/default/icon.png [] []
[2016-11-23 16:08:49] DbHandler.INFO: getMediaPath of 155 [] []
[2016-11-23 16:08:49] Main.INFO: /getMedia sending media from path ../../res/app/default/icon.png [] []
[2016-11-23 16:08:49] DbHandler.INFO: getMediaPath of 157 [] []
[2016-11-23 16:08:49] Main.INFO: /getMedia sending media from path ../../res/app/default/icon.png [] []
[2016-11-23 16:08:49] DbHandler.INFO: getMediaPath of 125 [] []
[2016-11-23 16:08:49] Main.INFO: /getMedia sending media from path ../../res/app/default/icon.png [] []
[2016-11-23 16:08:49] DbHandler.INFO: getMediaPath of 133 [] []
[2016-11-23 16:08:49] Main.INFO: /getMedia sending media from path ../../res/app/default/icon.png [] []
[2016-11-23 16:08:49] DbHandler.INFO: getMediaPath of 1 [] []
[2016-11-23 16:08:49] Main.INFO: /getMedia sending media from path ../../res/app/1/American-Gothic-grant-wood-painting.jpg [] []
[2016-11-23 16:08:49] DbHandler.INFO: getMediaPath of 104 [] []
[2016-11-23 16:08:49] Main.INFO: /getMedia sending media from path ../../res/app/9/Auguste_Renoir_-_Dance_at_Le_Moulin_de_la_Galette_-_Musée_dOrsay_RF_2739_derivative_work_-_AutoContrast_edit_in_LCH_space-1024x761.jpg [] []
[2016-11-23 16:08:49] DbHandler.INFO: getMediaPath of 1 [] []
[2016-11-23 16:08:49] Main.INFO: /getMedia sending media from path ../../res/app/1/American-Gothic-grant-wood-painting.jpg [] []
[2016-11-23 16:08:49] DbHandler.INFO: getMediaPath of 1 [] []
[2016-11-23 16:08:49] Main.INFO: /getMedia sending media from path ../../res/app/1/American-Gothic-grant-wood-painting.jpg [] []
[2016-11-23 16:08:49] DbHandler.INFO: getMediaPath of 1 [] []
[2016-11-23 16:08:49] Main.INFO: /getMedia sending media from path ../../res/app/1/American-Gothic-grant-wood-painting.jpg [] []
[2016-11-23 16:08:50] DbHandler.INFO: getMediaPath of 1 [] []
[2016-11-23 16:08:50] Main.INFO: /getMedia sending media from path ../../res/app/1/American-Gothic-grant-wood-painting.jpg [] []
[2016-11-23 16:08:50] DbHandler.INFO: getMediaPath of 1 [] []
[2016-11-23 16:08:50] Main.INFO: /getMedia sending media from path ../../res/app/1/American-Gothic-grant-wood-painting.jpg [] []
[2016-11-23 16:08:50] DbHandler.INFO: getMediaPath of 1 [] []
[2016-11-23 16:08:50] Main.INFO: /getMedia sending media from path ../../res/app/1/American-Gothic-grant-wood-painting.jpg [] []
[2016-11-23 16:08:50] DbHandler.INFO: getMediaPath of 1 [] []
[2016-11-23 16:08:50] Main.INFO: /getMedia sending media from path ../../res/app/1/American-Gothic-grant-wood-painting.jpg [] []
[2016-11-23 16:08:50] DbHandler.INFO: getMediaPath of 1 [] []
[2016-11-23 16:08:50] Main.INFO: /getMedia sending media from path ../../res/app/1/American-Gothic-grant-wood-painting.jpg [] []
[2016-11-23 16:08:50] DbHandler.INFO: getMediaPath of 1 [] []
[2016-11-23 16:08:50] Main.INFO: /getMedia sending media from path ../../res/app/1/American-Gothic-grant-wood-painting.jpg [] []
[2016-11-23 16:08:51] DbHandler.INFO: getMediaPath of 1 [] []
[2016-11-23 16:08:51] Main.INFO: /getMedia sending media from path ../../res/app/1/American-Gothic-grant-wood-painting.jpg [] []
[2016-11-23 16:08:51] Main.INFO: loading App 9 [] []
[2016-11-23 16:08:51] DbHandler.INFO: getMediaPath of 1 [] []
[2016-11-23 16:08:51] Main.INFO: /getMedia sending media from path ../../res/app/1/American-Gothic-grant-wood-painting.jpg [] []
[2016-11-23 16:08:51] DbHandler.INFO: getMediaPath of 1 [] []
[2016-11-23 16:08:51] Main.INFO: /getMedia sending media from path ../../res/app/1/American-Gothic-grant-wood-painting.jpg [] []
[2016-11-23 16:08:51] DbHandler.INFO: getMediaPath of 105 [] []
[2016-11-23 16:08:51] Main.INFO: /getMedia sending media from path ../../res/app/9/Jacques-Louis_David_The_Coronation_of_Napoleon_edit-1024x640.jpg [] []
[2016-11-23 16:09:04] DbHandler.INFO: getMediaPath of 1 [] []
[2016-11-23 16:09:04] Main.INFO: /getMedia sending media from path ../../res/app/1/American-Gothic-grant-wood-painting.jpg [] []
[2016-11-23 16:09:04] DbHandler.INFO: getMediaPath of 1 [] []
[2016-11-23 16:09:04] Main.INFO: /getMedia sending media from path ../../res/app/1/American-Gothic-grant-wood-painting.jpg [] []
[2016-11-23 16:09:05] Main.INFO: loading App 1 [] []
[2016-11-23 16:09:05] DbHandler.INFO: getMediaPath of 2 [] []
[2016-11-23 16:09:05] Main.INFO: /getMedia sending media from path ../../res/app/1/landscape-with-the-fall-of-icarus-pieter-bruegel2.jpg [] []
[2016-11-23 16:09:11] Main.INFO: loading App 11 [] []
[2016-11-23 16:09:11] DbHandler.INFO: getMediaPath of 126 [] []
[2016-11-23 16:09:11] Main.INFO: /getMedia sending media from path ../../res/app/default/background.png [] []
[2016-11-23 16:09:21] DbHandler.INFO: creating container [] []
[2016-11-23 16:09:21] DbHandler.INFO: container created with id 215 [] []
[2016-11-23 16:09:27] Main.INFO: /user headers Authorization: Bearer eyJ0eXAiOiJKV1QiLCJhbGciOiJIUzI1NiJ9.eyJpYXQiOjE0Nzk5MTczMTcsIm5iZiI6MTQ3OTkxNzMxNywiZXhwIjoxNDgwNTIyMTE3LCJkYXRhIjp7InVzZXJJZCI6MX19.8JAlPVH_B64ymdi7N5pE3NhRoaIlW3XK4hEQSQtzGBI [] []
[2016-11-23 16:09:27] Main.INFO: jwt eyJ0eXAiOiJKV1QiLCJhbGciOiJIUzI1NiJ9.eyJpYXQiOjE0Nzk5MTczMTcsIm5iZiI6MTQ3OTkxNzMxNywiZXhwIjoxNDgwNTIyMTE3LCJkYXRhIjp7InVzZXJJZCI6MX19.8JAlPVH_B64ymdi7N5pE3NhRoaIlW3XK4hEQSQtzGBI [] []
[2016-11-23 16:09:27] Main.INFO: User's info sent [] []
[2016-11-23 16:09:29] DbHandler.INFO: creating container [] []
[2016-11-23 16:09:29] DbHandler.INFO: container created with id 216 [] []
[2016-11-23 16:09:32] Main.INFO: loading App 11 [] []
[2016-11-23 16:09:39] Main.INFO: add user 2 to app 11 [] []
[2016-11-23 16:09:43] Main.INFO: loading App 11 [] []
[2016-11-23 16:09:58] DbHandler.INFO: getMediaPath of 1 [] []
[2016-11-23 16:09:58] Main.INFO: /getMedia sending media from path ../../res/app/1/American-Gothic-grant-wood-painting.jpg [] []
[2016-11-23 16:09:59] DbHandler.INFO: getMediaPath of 1 [] []
[2016-11-23 16:09:59] Main.INFO: /getMedia sending media from path ../../res/app/1/American-Gothic-grant-wood-painting.jpg [] []
[2016-11-23 16:10:00] DbHandler.INFO: getMediaPath of 1 [] []
[2016-11-23 16:10:00] Main.INFO: /getMedia sending media from path ../../res/app/1/American-Gothic-grant-wood-painting.jpg [] []
[2016-11-23 16:10:01] DbHandler.INFO: getMediaPath of 104 [] []
[2016-11-23 16:10:01] Main.INFO: /getMedia sending media from path ../../res/app/9/Auguste_Renoir_-_Dance_at_Le_Moulin_de_la_Galette_-_Musée_dOrsay_RF_2739_derivative_work_-_AutoContrast_edit_in_LCH_space-1024x761.jpg [] []
[2016-11-23 16:10:01] DbHandler.INFO: getMediaPath of 125 [] []
[2016-11-23 16:10:01] Main.INFO: /getMedia sending media from path ../../res/app/default/icon.png [] []
[2016-11-23 16:10:01] DbHandler.INFO: getMediaPath of 133 [] []
[2016-11-23 16:10:01] Main.INFO: /getMedia sending media from path ../../res/app/default/icon.png [] []
[2016-11-23 16:10:01] DbHandler.INFO: getMediaPath of 155 [] []
[2016-11-23 16:10:01] Main.INFO: /getMedia sending media from path ../../res/app/default/icon.png [] []
[2016-11-23 16:10:01] DbHandler.INFO: getMediaPath of 157 [] []
[2016-11-23 16:10:01] Main.INFO: /getMedia sending media from path ../../res/app/default/icon.png [] []
[2016-11-23 16:10:01] DbHandler.INFO: getMediaPath of 1 [] []
[2016-11-23 16:10:01] Main.INFO: /getMedia sending media from path ../../res/app/1/American-Gothic-grant-wood-painting.jpg [] []
[2016-11-23 16:10:01] DbHandler.INFO: getMediaPath of 1 [] []
[2016-11-23 16:10:01] Main.INFO: /getMedia sending media from path ../../res/app/1/American-Gothic-grant-wood-painting.jpg [] []
[2016-11-23 16:10:02] DbHandler.INFO: getMediaPath of 1 [] []
[2016-11-23 16:10:02] Main.INFO: /getMedia sending media from path ../../res/app/1/American-Gothic-grant-wood-painting.jpg [] []
[2016-11-23 16:10:02] DbHandler.INFO: getMediaPath of 1 [] []
[2016-11-23 16:10:02] Main.INFO: /getMedia sending media from path ../../res/app/1/American-Gothic-grant-wood-painting.jpg [] []
[2016-11-23 16:10:02] DbHandler.INFO: getMediaPath of 161 [] []
[2016-11-23 16:10:02] Main.INFO: /getMedia sending media from path ../../res/app/default/icon.png [] []
[2016-11-23 16:10:02] DbHandler.INFO: getMediaPath of 170 [] []
[2016-11-23 16:10:02] Main.INFO: /getMedia sending media from path ../../res/app/default/icon.png [] []
[2016-11-23 16:10:02] DbHandler.INFO: getMediaPath of 172 [] []
[2016-11-23 16:10:02] Main.INFO: /getMedia sending media from path ../../res/app/default/icon.png [] []
[2016-11-23 16:10:03] DbHandler.INFO: getMediaPath of 177 [] []
[2016-11-23 16:10:03] Main.INFO: /getMedia sending media from path ../../res/app/default/icon.png [] []
[2016-11-23 16:10:03] DbHandler.INFO: getMediaPath of 1 [] []
[2016-11-23 16:10:03] Main.INFO: /getMedia sending media from path ../../res/app/1/American-Gothic-grant-wood-painting.jpg [] []
[2016-11-23 16:10:03] DbHandler.INFO: getMediaPath of 1 [] []
[2016-11-23 16:10:03] Main.INFO: /getMedia sending media from path ../../res/app/1/American-Gothic-grant-wood-painting.jpg [] []
[2016-11-23 16:10:03] DbHandler.INFO: getMediaPath of 179 [] []
[2016-11-23 16:10:03] Main.INFO: /getMedia sending media from path ../../res/app/default/icon.png [] []
[2016-11-23 16:10:03] DbHandler.INFO: getMediaPath of 183 [] []
[2016-11-23 16:10:03] Main.INFO: /getMedia sending media from path ../../res/app/default/icon.png [] []
[2016-11-23 16:10:04] DbHandler.INFO: getMediaPath of 185 [] []
[2016-11-23 16:10:04] Main.INFO: /getMedia sending media from path ../../res/app/default/icon.png [] []
[2016-11-23 16:10:04] DbHandler.INFO: getMediaPath of 187 [] []
[2016-11-23 16:10:04] Main.INFO: /getMedia sending media from path ../../res/app/default/icon.png [] []
[2016-11-23 16:10:04] Main.INFO: loading App 30 [] []
[2016-11-23 16:10:04] DbHandler.INFO: getMediaPath of 180 [] []
[2016-11-23 16:10:04] Main.INFO: /getMedia sending media from path ../../res/app/default/background.png [] []
[2016-11-23 16:10:09] DbHandler.INFO: getMediaPath of 1 [] []
[2016-11-23 16:10:09] Main.INFO: /getMedia sending media from path ../../res/app/1/American-Gothic-grant-wood-painting.jpg [] []
[2016-11-23 16:10:09] DbHandler.INFO: getMediaPath of 1 [] []
[2016-11-23 16:10:09] Main.INFO: /getMedia sending media from path ../../res/app/1/American-Gothic-grant-wood-painting.jpg [] []
[2016-11-23 16:10:10] DbHandler.INFO: getMediaPath of 161 [] []
[2016-11-23 16:10:10] Main.INFO: /getMedia sending media from path ../../res/app/default/icon.png [] []
[2016-11-23 16:10:10] DbHandler.INFO: getMediaPath of 170 [] []
[2016-11-23 16:10:10] Main.INFO: /getMedia sending media from path ../../res/app/default/icon.png [] []
[2016-11-23 16:10:11] DbHandler.INFO: getMediaPath of 155 [] []
[2016-11-23 16:10:11] Main.INFO: /getMedia sending media from path ../../res/app/default/icon.png [] []
[2016-11-23 16:10:11] DbHandler.INFO: getMediaPath of 157 [] []
[2016-11-23 16:10:11] Main.INFO: /getMedia sending media from path ../../res/app/default/icon.png [] []
[2016-11-23 16:10:11] DbHandler.INFO: getMediaPath of 1 [] []
[2016-11-23 16:10:11] Main.INFO: /getMedia sending media from path ../../res/app/1/American-Gothic-grant-wood-painting.jpg [] []
[2016-11-23 16:10:11] DbHandler.INFO: getMediaPath of 1 [] []
[2016-11-23 16:10:11] Main.INFO: /getMedia sending media from path ../../res/app/1/American-Gothic-grant-wood-painting.jpg [] []
[2016-11-23 16:10:11] DbHandler.INFO: getMediaPath of 125 [] []
[2016-11-23 16:10:11] Main.INFO: /getMedia sending media from path ../../res/app/default/icon.png [] []
[2016-11-23 16:10:11] DbHandler.INFO: getMediaPath of 133 [] []
[2016-11-23 16:10:11] Main.INFO: /getMedia sending media from path ../../res/app/default/icon.png [] []
[2016-11-23 16:10:11] DbHandler.INFO: getMediaPath of 179 [] []
[2016-11-23 16:10:11] Main.INFO: /getMedia sending media from path ../../res/app/default/icon.png [] []
[2016-11-23 16:10:12] DbHandler.INFO: getMediaPath of 183 [] []
[2016-11-23 16:10:12] Main.INFO: /getMedia sending media from path ../../res/app/default/icon.png [] []
[2016-11-23 16:10:12] DbHandler.INFO: getMediaPath of 185 [] []
[2016-11-23 16:10:12] Main.INFO: /getMedia sending media from path ../../res/app/default/icon.png [] []
[2016-11-23 16:10:12] DbHandler.INFO: getMediaPath of 187 [] []
[2016-11-23 16:10:12] Main.INFO: /getMedia sending media from path ../../res/app/default/icon.png [] []
[2016-11-23 16:10:13] DbHandler.INFO: getMediaPath of 189 [] []
[2016-11-23 16:10:13] Main.INFO: /getMedia sending media from path ../../res/app/default/icon.png [] []
[2016-11-23 16:10:13] DbHandler.INFO: getMediaPath of 191 [] []
[2016-11-23 16:10:13] Main.INFO: /getMedia sending media from path ../../res/app/default/icon.png [] []
[2016-11-23 16:10:13] DbHandler.INFO: getMediaPath of 193 [] []
[2016-11-23 16:10:13] Main.INFO: /getMedia sending media from path ../../res/app/default/icon.png [] []
[2016-11-23 16:10:13] DbHandler.INFO: getMediaPath of 195 [] []
[2016-11-23 16:10:13] Main.INFO: /getMedia sending media from path ../../res/app/default/icon.png [] []
[2016-11-23 16:10:13] DbHandler.INFO: getMediaPath of 197 [] []
[2016-11-23 16:10:13] Main.INFO: /getMedia sending media from path ../../res/app/default/icon.png [] []
[2016-11-23 16:10:13] DbHandler.INFO: getMediaPath of 199 [] []
[2016-11-23 16:10:13] Main.INFO: /getMedia sending media from path ../../res/app/default/icon.png [] []
[2016-11-23 16:10:13] DbHandler.INFO: getMediaPath of 201 [] []
[2016-11-23 16:10:13] Main.INFO: /getMedia sending media from path ../../res/app/default/icon.png [] []
[2016-11-23 16:10:14] DbHandler.INFO: getMediaPath of 203 [] []
[2016-11-23 16:10:14] Main.INFO: /getMedia sending media from path ../../res/app/default/icon.png [] []
[2016-11-23 16:10:14] DbHandler.INFO: getMediaPath of 205 [] []
[2016-11-23 16:10:14] Main.INFO: /getMedia sending media from path ../../res/app/default/icon.png [] []
[2016-11-23 16:10:14] DbHandler.INFO: getMediaPath of 207 [] []
[2016-11-23 16:10:14] Main.INFO: /getMedia sending media from path ../../res/app/default/icon.png [] []
[2016-11-23 16:10:14] DbHandler.INFO: getMediaPath of 209 [] []
[2016-11-23 16:10:14] Main.INFO: /getMedia sending media from path ../../res/app/default/icon.png [] []
[2016-11-23 16:10:14] DbHandler.INFO: getMediaPath of 211 [] []
[2016-11-23 16:10:14] Main.INFO: /getMedia sending media from path ../../res/app/default/icon.png [] []
[2016-11-23 16:10:14] DbHandler.INFO: getMediaPath of 213 [] []
[2016-11-23 16:10:14] Main.INFO: /getMedia sending media from path ../../res/app/default/icon.png [] []
[2016-11-23 16:10:14] DbHandler.INFO: getMediaPath of 215 [] []
[2016-11-23 16:10:14] Main.INFO: /getMedia sending media from path ../../res/app/default/icon.png [] []
[2016-11-23 16:10:14] DbHandler.INFO: getMediaPath of 222 [] []
[2016-11-23 16:10:14] Main.INFO: /getMedia sending media from path ../../res/app/default/icon.png [] []
[2016-11-23 16:10:14] DbHandler.INFO: getMediaPath of 226 [] []
[2016-11-23 16:10:14] Main.INFO: /getMedia sending media from path ../../res/app/default/icon.png [] []
[2016-11-23 16:10:14] DbHandler.INFO: getMediaPath of 229 [] []
[2016-11-23 16:10:14] Main.INFO: /getMedia sending media from path ./res/app/54/icon.jpg [] []
[2016-11-23 16:10:14] DbHandler.INFO: getMediaPath of 231 [] []
[2016-11-23 16:10:14] Main.INFO: /getMedia sending media from path ./res/app/default/icon.png [] []
[2016-11-23 16:10:14] DbHandler.INFO: getMediaPath of 233 [] []
[2016-11-23 16:10:14] Main.INFO: /getMedia sending media from path ./res/app/default/icon.png [] []
[2016-11-23 16:10:15] DbHandler.INFO: getMediaPath of 235 [] []
[2016-11-23 16:10:15] Main.INFO: /getMedia sending media from path ./res/app/default/icon.png [] []
[2016-11-23 16:10:15] DbHandler.INFO: getMediaPath of 237 [] []
[2016-11-23 16:10:15] Main.INFO: /getMedia sending media from path ./res/app/58/Paris Digital Lab.png [] []
[2016-11-23 16:10:15] DbHandler.INFO: getMediaPath of 222 [] []
[2016-11-23 16:10:15] Main.INFO: /getMedia sending media from path ../../res/app/default/icon.png [] []
[2016-11-23 16:10:15] DbHandler.INFO: getMediaPath of 226 [] []
[2016-11-23 16:10:15] Main.INFO: /getMedia sending media from path ../../res/app/default/icon.png [] []
[2016-11-23 16:10:15] DbHandler.INFO: getMediaPath of 213 [] []
[2016-11-23 16:10:15] Main.INFO: /getMedia sending media from path ../../res/app/default/icon.png [] []
[2016-11-23 16:10:15] DbHandler.INFO: getMediaPath of 215 [] []
[2016-11-23 16:10:15] Main.INFO: /getMedia sending media from path ../../res/app/default/icon.png [] []
[2016-11-23 16:10:15] DbHandler.INFO: getMediaPath of 209 [] []
[2016-11-23 16:10:15] Main.INFO: /getMedia sending media from path ../../res/app/default/icon.png [] []
[2016-11-23 16:10:15] DbHandler.INFO: getMediaPath of 211 [] []
[2016-11-23 16:10:15] Main.INFO: /getMedia sending media from path ../../res/app/default/icon.png [] []
[2016-11-23 16:10:16] DbHandler.INFO: getMediaPath of 1 [] []
[2016-11-23 16:10:16] Main.INFO: /getMedia sending media from path ../../res/app/1/American-Gothic-grant-wood-painting.jpg [] []
[2016-11-23 16:10:16] DbHandler.INFO: getMediaPath of 1 [] []
[2016-11-23 16:10:16] Main.INFO: /getMedia sending media from path ../../res/app/1/American-Gothic-grant-wood-painting.jpg [] []
[2016-11-23 16:10:16] DbHandler.INFO: getMediaPath of 205 [] []
[2016-11-23 16:10:16] Main.INFO: /getMedia sending media from path ../../res/app/default/icon.png [] []
[2016-11-23 16:10:16] DbHandler.INFO: getMediaPath of 207 [] []
[2016-11-23 16:10:16] Main.INFO: /getMedia sending media from path ../../res/app/default/icon.png [] []
[2016-11-23 16:10:16] DbHandler.INFO: getMediaPath of 1 [] []
[2016-11-23 16:10:16] Main.INFO: /getMedia sending media from path ../../res/app/1/American-Gothic-grant-wood-painting.jpg [] []
[2016-11-23 16:10:17] DbHandler.INFO: getMediaPath of 1 [] []
[2016-11-23 16:10:17] Main.INFO: /getMedia sending media from path ../../res/app/1/American-Gothic-grant-wood-painting.jpg [] []
[2016-11-23 16:10:17] DbHandler.INFO: getMediaPath of 201 [] []
[2016-11-23 16:10:17] Main.INFO: /getMedia sending media from path ../../res/app/default/icon.png [] []
[2016-11-23 16:10:17] DbHandler.INFO: getMediaPath of 203 [] []
[2016-11-23 16:10:17] Main.INFO: /getMedia sending media from path ../../res/app/default/icon.png [] []
[2016-11-23 16:10:17] DbHandler.INFO: getMediaPath of 197 [] []
[2016-11-23 16:10:17] Main.INFO: /getMedia sending media from path ../../res/app/default/icon.png [] []
[2016-11-23 16:10:17] DbHandler.INFO: getMediaPath of 199 [] []
[2016-11-23 16:10:17] Main.INFO: /getMedia sending media from path ../../res/app/default/icon.png [] []
[2016-11-23 16:10:17] DbHandler.INFO: getMediaPath of 1 [] []
[2016-11-23 16:10:17] Main.INFO: /getMedia sending media from path ../../res/app/1/American-Gothic-grant-wood-painting.jpg [] []
[2016-11-23 16:10:18] DbHandler.INFO: getMediaPath of 1 [] []
[2016-11-23 16:10:18] Main.INFO: /getMedia sending media from path ../../res/app/1/American-Gothic-grant-wood-painting.jpg [] []
[2016-11-23 16:10:18] DbHandler.INFO: getMediaPath of 193 [] []
[2016-11-23 16:10:18] Main.INFO: /getMedia sending media from path ../../res/app/default/icon.png [] []
[2016-11-23 16:10:18] DbHandler.INFO: getMediaPath of 195 [] []
[2016-11-23 16:10:18] Main.INFO: /getMedia sending media from path ../../res/app/default/icon.png [] []
[2016-11-23 16:10:18] DbHandler.INFO: getMediaPath of 1 [] []
[2016-11-23 16:10:18] Main.INFO: /getMedia sending media from path ../../res/app/1/American-Gothic-grant-wood-painting.jpg [] []
[2016-11-23 16:10:19] DbHandler.INFO: getMediaPath of 1 [] []
[2016-11-23 16:10:19] Main.INFO: /getMedia sending media from path ../../res/app/1/American-Gothic-grant-wood-painting.jpg [] []
[2016-11-23 16:10:19] DbHandler.INFO: getMediaPath of 189 [] []
[2016-11-23 16:10:19] Main.INFO: /getMedia sending media from path ../../res/app/default/icon.png [] []
[2016-11-23 16:10:19] DbHandler.INFO: getMediaPath of 191 [] []
[2016-11-23 16:10:19] Main.INFO: /getMedia sending media from path ../../res/app/default/icon.png [] []
[2016-11-23 16:10:19] DbHandler.INFO: getMediaPath of 185 [] []
[2016-11-23 16:10:19] Main.INFO: /getMedia sending media from path ../../res/app/default/icon.png [] []
[2016-11-23 16:10:19] DbHandler.INFO: getMediaPath of 187 [] []
[2016-11-23 16:10:19] Main.INFO: /getMedia sending media from path ../../res/app/default/icon.png [] []
[2016-11-23 16:10:20] DbHandler.INFO: getMediaPath of 179 [] []
[2016-11-23 16:10:20] Main.INFO: /getMedia sending media from path ../../res/app/default/icon.png [] []
[2016-11-23 16:10:20] DbHandler.INFO: getMediaPath of 183 [] []
[2016-11-23 16:10:20] Main.INFO: /getMedia sending media from path ../../res/app/default/icon.png [] []
[2016-11-23 16:10:20] DbHandler.INFO: getMediaPath of 1 [] []
[2016-11-23 16:10:20] Main.INFO: /getMedia sending media from path ../../res/app/1/American-Gothic-grant-wood-painting.jpg [] []
[2016-11-23 16:10:20] DbHandler.INFO: getMediaPath of 1 [] []
[2016-11-23 16:10:20] Main.INFO: /getMedia sending media from path ../../res/app/1/American-Gothic-grant-wood-painting.jpg [] []
[2016-11-23 16:10:20] DbHandler.INFO: getMediaPath of 1 [] []
[2016-11-23 16:10:20] Main.INFO: /getMedia sending media from path ../../res/app/1/American-Gothic-grant-wood-painting.jpg [] []
[2016-11-23 16:10:21] DbHandler.INFO: getMediaPath of 1 [] []
[2016-11-23 16:10:21] Main.INFO: /getMedia sending media from path ../../res/app/1/American-Gothic-grant-wood-painting.jpg [] []
[2016-11-23 16:10:21] DbHandler.INFO: getMediaPath of 1 [] []
[2016-11-23 16:10:21] Main.INFO: /getMedia sending media from path ../../res/app/1/American-Gothic-grant-wood-painting.jpg [] []
[2016-11-23 16:10:21] DbHandler.INFO: getMediaPath of 1 [] []
[2016-11-23 16:10:21] Main.INFO: /getMedia sending media from path ../../res/app/1/American-Gothic-grant-wood-painting.jpg [] []
[2016-11-23 16:10:22] DbHandler.INFO: getMediaPath of 1 [] []
[2016-11-23 16:10:22] Main.INFO: /getMedia sending media from path ../../res/app/1/American-Gothic-grant-wood-painting.jpg [] []
[2016-11-23 16:10:22] DbHandler.INFO: getMediaPath of 1 [] []
[2016-11-23 16:10:22] Main.INFO: /getMedia sending media from path ../../res/app/1/American-Gothic-grant-wood-painting.jpg [] []
[2016-11-23 16:10:22] DbHandler.INFO: getMediaPath of 1 [] []
[2016-11-23 16:10:22] Main.INFO: /getMedia sending media from path ../../res/app/1/American-Gothic-grant-wood-painting.jpg [] []
[2016-11-23 16:10:22] DbHandler.INFO: getMediaPath of 1 [] []
[2016-11-23 16:10:22] Main.INFO: /getMedia sending media from path ../../res/app/1/American-Gothic-grant-wood-painting.jpg [] []
[2016-11-23 16:10:22] DbHandler.INFO: getMediaPath of 1 [] []
[2016-11-23 16:10:22] Main.INFO: /getMedia sending media from path ../../res/app/1/American-Gothic-grant-wood-painting.jpg [] []
[2016-11-23 16:10:23] DbHandler.INFO: getMediaPath of 1 [] []
[2016-11-23 16:10:23] Main.INFO: /getMedia sending media from path ../../res/app/1/American-Gothic-grant-wood-painting.jpg [] []
[2016-11-23 16:10:23] DbHandler.INFO: getMediaPath of 1 [] []
[2016-11-23 16:10:23] Main.INFO: /getMedia sending media from path ../../res/app/1/American-Gothic-grant-wood-painting.jpg [] []
[2016-11-23 16:10:23] DbHandler.INFO: getMediaPath of 1 [] []
[2016-11-23 16:10:23] Main.INFO: /getMedia sending media from path ../../res/app/1/American-Gothic-grant-wood-painting.jpg [] []
[2016-11-23 16:10:24] DbHandler.INFO: Deleted app number 35 from apps [] []
[2016-11-23 16:10:24] DbHandler.INFO: Deleted container of app 35 from module_containers [] []
[2016-11-23 16:10:24] DbHandler.INFO: getMediaPath of 172 [] []
[2016-11-23 16:10:24] Main.INFO: /getMedia sending media from path ../../res/app/default/icon.png [] []
[2016-11-23 16:10:24] Main.INFO: /user headers Authorization: Bearer eyJ0eXAiOiJKV1QiLCJhbGciOiJIUzI1NiJ9.eyJpYXQiOjE0Nzk5MTczMTcsIm5iZiI6MTQ3OTkxNzMxNywiZXhwIjoxNDgwNTIyMTE3LCJkYXRhIjp7InVzZXJJZCI6MX19.8JAlPVH_B64ymdi7N5pE3NhRoaIlW3XK4hEQSQtzGBI [] []
[2016-11-23 16:10:24] Main.INFO: jwt eyJ0eXAiOiJKV1QiLCJhbGciOiJIUzI1NiJ9.eyJpYXQiOjE0Nzk5MTczMTcsIm5iZiI6MTQ3OTkxNzMxNywiZXhwIjoxNDgwNTIyMTE3LCJkYXRhIjp7InVzZXJJZCI6MX19.8JAlPVH_B64ymdi7N5pE3NhRoaIlW3XK4hEQSQtzGBI [] []
[2016-11-23 16:10:24] Main.INFO: User's info sent [] []
[2016-11-23 16:10:24] DbHandler.INFO: getMediaPath of 177 [] []
[2016-11-23 16:10:24] Main.INFO: /getMedia sending media from path ../../res/app/default/icon.png [] []
[2016-11-23 16:10:24] DbHandler.INFO: getMediaPath of 161 [] []
[2016-11-23 16:10:24] Main.INFO: /getMedia sending media from path ../../res/app/default/icon.png [] []
[2016-11-23 16:10:24] DbHandler.INFO: getMediaPath of 170 [] []
[2016-11-23 16:10:24] Main.INFO: /getMedia sending media from path ../../res/app/default/icon.png [] []
[2016-11-23 16:10:24] DbHandler.INFO: getMediaPath of 155 [] []
[2016-11-23 16:10:24] Main.INFO: /getMedia sending media from path ../../res/app/default/icon.png [] []
[2016-11-23 16:10:24] DbHandler.INFO: getMediaPath of 157 [] []
[2016-11-23 16:10:24] Main.INFO: /getMedia sending media from path ../../res/app/default/icon.png [] []
[2016-11-23 16:10:24] DbHandler.INFO: getMediaPath of 125 [] []
[2016-11-23 16:10:24] Main.INFO: /getMedia sending media from path ../../res/app/default/icon.png [] []
[2016-11-23 16:10:24] DbHandler.INFO: getMediaPath of 133 [] []
[2016-11-23 16:10:24] Main.INFO: /getMedia sending media from path ../../res/app/default/icon.png [] []
[2016-11-23 16:10:25] DbHandler.INFO: getMediaPath of 1 [] []
[2016-11-23 16:10:25] Main.INFO: /getMedia sending media from path ../../res/app/1/American-Gothic-grant-wood-painting.jpg [] []
[2016-11-23 16:10:25] DbHandler.INFO: getMediaPath of 1 [] []
[2016-11-23 16:10:25] Main.INFO: /getMedia sending media from path ../../res/app/1/American-Gothic-grant-wood-painting.jpg [] []
[2016-11-23 16:10:25] DbHandler.INFO: getMediaPath of 125 [] []
[2016-11-23 16:10:25] Main.INFO: /getMedia sending media from path ../../res/app/default/icon.png [] []
[2016-11-23 16:10:25] DbHandler.INFO: getMediaPath of 133 [] []
[2016-11-23 16:10:25] Main.INFO: /getMedia sending media from path ../../res/app/default/icon.png [] []
[2016-11-23 16:10:25] DbHandler.INFO: getMediaPath of 155 [] []
[2016-11-23 16:10:25] Main.INFO: /getMedia sending media from path ../../res/app/default/icon.png [] []
[2016-11-23 16:10:25] DbHandler.INFO: getMediaPath of 157 [] []
[2016-11-23 16:10:25] Main.INFO: /getMedia sending media from path ../../res/app/default/icon.png [] []
[2016-11-23 16:10:25] DbHandler.INFO: getMediaPath of 161 [] []
[2016-11-23 16:10:25] Main.INFO: /getMedia sending media from path ../../res/app/default/icon.png [] []
[2016-11-23 16:10:25] DbHandler.INFO: getMediaPath of 170 [] []
[2016-11-23 16:10:25] Main.INFO: /getMedia sending media from path ../../res/app/default/icon.png [] []
[2016-11-23 16:10:26] DbHandler.INFO: getMediaPath of 172 [] []
[2016-11-23 16:10:26] Main.INFO: /getMedia sending media from path ../../res/app/default/icon.png [] []
[2016-11-23 16:10:26] DbHandler.INFO: getMediaPath of 177 [] []
[2016-11-23 16:10:26] Main.INFO: /getMedia sending media from path ../../res/app/default/icon.png [] []
[2016-11-23 16:10:26] DbHandler.INFO: Deleted app number 26 from apps [] []
[2016-11-23 16:10:26] DbHandler.INFO: Deleted container of app 26 from module_containers [] []
[2016-11-23 16:10:26] DbHandler.INFO: getMediaPath of 1 [] []
[2016-11-23 16:10:26] Main.INFO: /getMedia sending media from path ../../res/app/1/American-Gothic-grant-wood-painting.jpg [] []
[2016-11-23 16:10:26] Main.INFO: /user headers Authorization: Bearer eyJ0eXAiOiJKV1QiLCJhbGciOiJIUzI1NiJ9.eyJpYXQiOjE0Nzk5MTczMTcsIm5iZiI6MTQ3OTkxNzMxNywiZXhwIjoxNDgwNTIyMTE3LCJkYXRhIjp7InVzZXJJZCI6MX19.8JAlPVH_B64ymdi7N5pE3NhRoaIlW3XK4hEQSQtzGBI [] []
[2016-11-23 16:10:26] Main.INFO: jwt eyJ0eXAiOiJKV1QiLCJhbGciOiJIUzI1NiJ9.eyJpYXQiOjE0Nzk5MTczMTcsIm5iZiI6MTQ3OTkxNzMxNywiZXhwIjoxNDgwNTIyMTE3LCJkYXRhIjp7InVzZXJJZCI6MX19.8JAlPVH_B64ymdi7N5pE3NhRoaIlW3XK4hEQSQtzGBI [] []
[2016-11-23 16:10:26] Main.INFO: User's info sent [] []
[2016-11-23 16:10:26] DbHandler.INFO: getMediaPath of 1 [] []
[2016-11-23 16:10:26] Main.INFO: /getMedia sending media from path ../../res/app/1/American-Gothic-grant-wood-painting.jpg [] []
[2016-11-23 16:10:27] DbHandler.INFO: getMediaPath of 125 [] []
[2016-11-23 16:10:27] Main.INFO: /getMedia sending media from path ../../res/app/default/icon.png [] []
[2016-11-23 16:10:27] DbHandler.INFO: getMediaPath of 133 [] []
[2016-11-23 16:10:27] Main.INFO: /getMedia sending media from path ../../res/app/default/icon.png [] []
[2016-11-23 16:10:27] DbHandler.INFO: getMediaPath of 155 [] []
[2016-11-23 16:10:27] Main.INFO: /getMedia sending media from path ../../res/app/default/icon.png [] []
[2016-11-23 16:10:27] DbHandler.INFO: getMediaPath of 157 [] []
[2016-11-23 16:10:27] Main.INFO: /getMedia sending media from path ../../res/app/default/icon.png [] []
[2016-11-23 16:10:27] DbHandler.INFO: getMediaPath of 161 [] []
[2016-11-23 16:10:27] Main.INFO: /getMedia sending media from path ../../res/app/default/icon.png [] []
[2016-11-23 16:10:27] DbHandler.INFO: getMediaPath of 172 [] []
[2016-11-23 16:10:27] Main.INFO: /getMedia sending media from path ../../res/app/default/icon.png [] []
[2016-11-23 16:10:27] DbHandler.INFO: getMediaPath of 177 [] []
[2016-11-23 16:10:27] Main.INFO: /getMedia sending media from path ../../res/app/default/icon.png [] []
[2016-11-23 16:10:27] DbHandler.INFO: getMediaPath of 179 [] []
[2016-11-23 16:10:27] Main.INFO: /getMedia sending media from path ../../res/app/default/icon.png [] []
[2016-11-23 16:10:30] DbHandler.INFO: Deleted app number 27 from apps [] []
[2016-11-23 16:10:30] DbHandler.INFO: Deleted container of app 27 from module_containers [] []
[2016-11-23 16:10:30] DbHandler.INFO: getMediaPath of 1 [] []
[2016-11-23 16:10:30] Main.INFO: /getMedia sending media from path ../../res/app/1/American-Gothic-grant-wood-painting.jpg [] []
[2016-11-23 16:10:30] Main.INFO: /user headers Authorization: Bearer eyJ0eXAiOiJKV1QiLCJhbGciOiJIUzI1NiJ9.eyJpYXQiOjE0Nzk5MTczMTcsIm5iZiI6MTQ3OTkxNzMxNywiZXhwIjoxNDgwNTIyMTE3LCJkYXRhIjp7InVzZXJJZCI6MX19.8JAlPVH_B64ymdi7N5pE3NhRoaIlW3XK4hEQSQtzGBI [] []
[2016-11-23 16:10:30] Main.INFO: jwt eyJ0eXAiOiJKV1QiLCJhbGciOiJIUzI1NiJ9.eyJpYXQiOjE0Nzk5MTczMTcsIm5iZiI6MTQ3OTkxNzMxNywiZXhwIjoxNDgwNTIyMTE3LCJkYXRhIjp7InVzZXJJZCI6MX19.8JAlPVH_B64ymdi7N5pE3NhRoaIlW3XK4hEQSQtzGBI [] []
[2016-11-23 16:10:30] Main.INFO: User's info sent [] []
[2016-11-23 16:10:30] DbHandler.INFO: getMediaPath of 1 [] []
[2016-11-23 16:10:30] Main.INFO: /getMedia sending media from path ../../res/app/1/American-Gothic-grant-wood-painting.jpg [] []
[2016-11-23 16:10:30] DbHandler.INFO: getMediaPath of 155 [] []
[2016-11-23 16:10:30] Main.INFO: /getMedia sending media from path ../../res/app/default/icon.png [] []
[2016-11-23 16:10:30] DbHandler.INFO: getMediaPath of 157 [] []
[2016-11-23 16:10:30] Main.INFO: /getMedia sending media from path ../../res/app/default/icon.png [] []
[2016-11-23 16:10:30] DbHandler.INFO: getMediaPath of 161 [] []
[2016-11-23 16:10:30] Main.INFO: /getMedia sending media from path ../../res/app/default/icon.png [] []
[2016-11-23 16:10:30] DbHandler.INFO: getMediaPath of 177 [] []
[2016-11-23 16:10:30] Main.INFO: /getMedia sending media from path ../../res/app/default/icon.png [] []
[2016-11-23 16:10:31] DbHandler.INFO: getMediaPath of 179 [] []
[2016-11-23 16:10:31] Main.INFO: /getMedia sending media from path ../../res/app/default/icon.png [] []
[2016-11-23 16:10:31] DbHandler.INFO: getMediaPath of 183 [] []
[2016-11-23 16:10:31] Main.INFO: /getMedia sending media from path ../../res/app/default/icon.png [] []
[2016-11-23 16:10:35] DbHandler.INFO: Deleted app number 29 from apps [] []
[2016-11-23 16:10:35] DbHandler.INFO: Deleted container of app 29 from module_containers [] []
[2016-11-23 16:10:36] Main.INFO: /user headers Authorization: Bearer eyJ0eXAiOiJKV1QiLCJhbGciOiJIUzI1NiJ9.eyJpYXQiOjE0Nzk5MTczMTcsIm5iZiI6MTQ3OTkxNzMxNywiZXhwIjoxNDgwNTIyMTE3LCJkYXRhIjp7InVzZXJJZCI6MX19.8JAlPVH_B64ymdi7N5pE3NhRoaIlW3XK4hEQSQtzGBI [] []
[2016-11-23 16:10:36] Main.INFO: jwt eyJ0eXAiOiJKV1QiLCJhbGciOiJIUzI1NiJ9.eyJpYXQiOjE0Nzk5MTczMTcsIm5iZiI6MTQ3OTkxNzMxNywiZXhwIjoxNDgwNTIyMTE3LCJkYXRhIjp7InVzZXJJZCI6MX19.8JAlPVH_B64ymdi7N5pE3NhRoaIlW3XK4hEQSQtzGBI [] []
[2016-11-23 16:10:36] DbHandler.INFO: getMediaPath of 1 [] []
[2016-11-23 16:10:36] Main.INFO: /getMedia sending media from path ../../res/app/1/American-Gothic-grant-wood-painting.jpg [] []
[2016-11-23 16:10:36] Main.INFO: User's info sent [] []
[2016-11-23 16:10:36] DbHandler.INFO: getMediaPath of 1 [] []
[2016-11-23 16:10:36] Main.INFO: /getMedia sending media from path ../../res/app/1/American-Gothic-grant-wood-painting.jpg [] []
[2016-11-23 16:10:36] DbHandler.INFO: getMediaPath of 155 [] []
[2016-11-23 16:10:36] Main.INFO: /getMedia sending media from path ../../res/app/default/icon.png [] []
[2016-11-23 16:10:36] DbHandler.INFO: getMediaPath of 157 [] []
[2016-11-23 16:10:36] Main.INFO: /getMedia sending media from path ../../res/app/default/icon.png [] []
[2016-11-23 16:10:36] DbHandler.INFO: getMediaPath of 161 [] []
[2016-11-23 16:10:36] Main.INFO: /getMedia sending media from path ../../res/app/default/icon.png [] []
[2016-11-23 16:10:36] DbHandler.INFO: getMediaPath of 179 [] []
[2016-11-23 16:10:36] Main.INFO: /getMedia sending media from path ../../res/app/default/icon.png [] []
[2016-11-23 16:10:36] DbHandler.INFO: getMediaPath of 183 [] []
[2016-11-23 16:10:36] Main.INFO: /getMedia sending media from path ../../res/app/default/icon.png [] []
[2016-11-23 16:10:37] DbHandler.INFO: getMediaPath of 185 [] []
[2016-11-23 16:10:37] Main.INFO: /getMedia sending media from path ../../res/app/default/icon.png [] []
[2016-11-23 16:10:39] DbHandler.INFO: Deleted app number 30 from apps [] []
[2016-11-23 16:10:39] DbHandler.INFO: Deleted container of app 30 from module_containers [] []
[2016-11-23 16:10:39] DbHandler.INFO: getMediaPath of 1 [] []
[2016-11-23 16:10:39] Main.INFO: /getMedia sending media from path ../../res/app/1/American-Gothic-grant-wood-painting.jpg [] []
[2016-11-23 16:10:39] Main.INFO: /user headers Authorization: Bearer eyJ0eXAiOiJKV1QiLCJhbGciOiJIUzI1NiJ9.eyJpYXQiOjE0Nzk5MTczMTcsIm5iZiI6MTQ3OTkxNzMxNywiZXhwIjoxNDgwNTIyMTE3LCJkYXRhIjp7InVzZXJJZCI6MX19.8JAlPVH_B64ymdi7N5pE3NhRoaIlW3XK4hEQSQtzGBI [] []
[2016-11-23 16:10:39] Main.INFO: jwt eyJ0eXAiOiJKV1QiLCJhbGciOiJIUzI1NiJ9.eyJpYXQiOjE0Nzk5MTczMTcsIm5iZiI6MTQ3OTkxNzMxNywiZXhwIjoxNDgwNTIyMTE3LCJkYXRhIjp7InVzZXJJZCI6MX19.8JAlPVH_B64ymdi7N5pE3NhRoaIlW3XK4hEQSQtzGBI [] []
[2016-11-23 16:10:39] Main.INFO: User's info sent [] []
[2016-11-23 16:10:39] DbHandler.INFO: getMediaPath of 1 [] []
[2016-11-23 16:10:39] Main.INFO: /getMedia sending media from path ../../res/app/1/American-Gothic-grant-wood-painting.jpg [] []
[2016-11-23 16:10:39] DbHandler.INFO: getMediaPath of 155 [] []
[2016-11-23 16:10:39] Main.INFO: /getMedia sending media from path ../../res/app/default/icon.png [] []
[2016-11-23 16:10:39] DbHandler.INFO: getMediaPath of 157 [] []
[2016-11-23 16:10:39] Main.INFO: /getMedia sending media from path ../../res/app/default/icon.png [] []
[2016-11-23 16:10:39] DbHandler.INFO: getMediaPath of 161 [] []
[2016-11-23 16:10:39] Main.INFO: /getMedia sending media from path ../../res/app/default/icon.png [] []
[2016-11-23 16:10:39] DbHandler.INFO: getMediaPath of 183 [] []
[2016-11-23 16:10:39] Main.INFO: /getMedia sending media from path ../../res/app/default/icon.png [] []
[2016-11-23 16:10:40] DbHandler.INFO: getMediaPath of 185 [] []
[2016-11-23 16:10:40] Main.INFO: /getMedia sending media from path ../../res/app/default/icon.png [] []
[2016-11-23 16:10:40] DbHandler.INFO: getMediaPath of 187 [] []
[2016-11-23 16:10:40] Main.INFO: /getMedia sending media from path ../../res/app/default/icon.png [] []
[2016-11-23 16:10:40] DbHandler.INFO: getMediaPath of 191 [] []
[2016-11-23 16:10:40] Main.INFO: /getMedia sending media from path ../../res/app/default/icon.png [] []
[2016-11-23 16:10:40] DbHandler.INFO: getMediaPath of 193 [] []
[2016-11-23 16:10:40] Main.INFO: /getMedia sending media from path ../../res/app/default/icon.png [] []
[2016-11-23 16:10:40] DbHandler.INFO: getMediaPath of 195 [] []
[2016-11-23 16:10:40] Main.INFO: /getMedia sending media from path ../../res/app/default/icon.png [] []
[2016-11-23 16:10:40] DbHandler.INFO: getMediaPath of 197 [] []
[2016-11-23 16:10:40] Main.INFO: /getMedia sending media from path ../../res/app/default/icon.png [] []
[2016-11-23 16:10:40] DbHandler.INFO: getMediaPath of 199 [] []
[2016-11-23 16:10:40] Main.INFO: /getMedia sending media from path ../../res/app/default/icon.png [] []
[2016-11-23 16:10:41] DbHandler.INFO: getMediaPath of 201 [] []
[2016-11-23 16:10:41] Main.INFO: /getMedia sending media from path ../../res/app/default/icon.png [] []
[2016-11-23 16:10:41] DbHandler.INFO: getMediaPath of 203 [] []
[2016-11-23 16:10:41] Main.INFO: /getMedia sending media from path ../../res/app/default/icon.png [] []
[2016-11-23 16:10:42] DbHandler.INFO: getMediaPath of 205 [] []
[2016-11-23 16:10:42] Main.INFO: /getMedia sending media from path ../../res/app/default/icon.png [] []
[2016-11-23 16:10:42] DbHandler.INFO: getMediaPath of 207 [] []
[2016-11-23 16:10:42] Main.INFO: /getMedia sending media from path ../../res/app/default/icon.png [] []
[2016-11-23 16:10:42] DbHandler.INFO: getMediaPath of 209 [] []
[2016-11-23 16:10:42] Main.INFO: /getMedia sending media from path ../../res/app/default/icon.png [] []
[2016-11-23 16:10:43] DbHandler.INFO: getMediaPath of 211 [] []
[2016-11-23 16:10:43] Main.INFO: /getMedia sending media from path ../../res/app/default/icon.png [] []
[2016-11-23 16:10:43] DbHandler.INFO: getMediaPath of 213 [] []
[2016-11-23 16:10:43] Main.INFO: /getMedia sending media from path ../../res/app/default/icon.png [] []
[2016-11-23 16:10:43] DbHandler.INFO: getMediaPath of 1 [] []
[2016-11-23 16:10:43] Main.INFO: /getMedia sending media from path ../../res/app/1/American-Gothic-grant-wood-painting.jpg [] []
[2016-11-23 16:10:43] DbHandler.INFO: getMediaPath of 1 [] []
[2016-11-23 16:10:43] Main.INFO: /getMedia sending media from path ../../res/app/1/American-Gothic-grant-wood-painting.jpg [] []
[2016-11-23 16:10:43] DbHandler.INFO: getMediaPath of 215 [] []
[2016-11-23 16:10:43] Main.INFO: /getMedia sending media from path ../../res/app/default/icon.png [] []
[2016-11-23 16:10:43] DbHandler.INFO: getMediaPath of 222 [] []
[2016-11-23 16:10:43] Main.INFO: /getMedia sending media from path ../../res/app/default/icon.png [] []
[2016-11-23 16:10:43] DbHandler.INFO: getMediaPath of 226 [] []
[2016-11-23 16:10:43] Main.INFO: /getMedia sending media from path ../../res/app/default/icon.png [] []
[2016-11-23 16:10:44] DbHandler.INFO: getMediaPath of 229 [] []
[2016-11-23 16:10:44] Main.INFO: /getMedia sending media from path ./res/app/54/icon.jpg [] []
[2016-11-23 16:10:44] DbHandler.INFO: getMediaPath of 231 [] []
[2016-11-23 16:10:44] Main.INFO: /getMedia sending media from path ./res/app/default/icon.png [] []
[2016-11-23 16:10:44] DbHandler.INFO: getMediaPath of 233 [] []
[2016-11-23 16:10:44] Main.INFO: /getMedia sending media from path ./res/app/default/icon.png [] []
[2016-11-23 16:10:44] DbHandler.INFO: getMediaPath of 235 [] []
[2016-11-23 16:10:44] Main.INFO: /getMedia sending media from path ./res/app/default/icon.png [] []
[2016-11-23 16:10:44] DbHandler.INFO: getMediaPath of 237 [] []
[2016-11-23 16:10:44] Main.INFO: /getMedia sending media from path ./res/app/58/Paris Digital Lab.png [] []
[2016-11-23 16:10:44] DbHandler.INFO: getMediaPath of 215 [] []
[2016-11-23 16:10:44] Main.INFO: /getMedia sending media from path ../../res/app/default/icon.png [] []
[2016-11-23 16:10:44] DbHandler.INFO: getMediaPath of 222 [] []
[2016-11-23 16:10:44] Main.INFO: /getMedia sending media from path ../../res/app/default/icon.png [] []
[2016-11-23 16:10:44] DbHandler.INFO: getMediaPath of 1 [] []
[2016-11-23 16:10:44] Main.INFO: /getMedia sending media from path ../../res/app/1/American-Gothic-grant-wood-painting.jpg [] []
[2016-11-23 16:10:45] DbHandler.INFO: getMediaPath of 1 [] []
[2016-11-23 16:10:45] Main.INFO: /getMedia sending media from path ../../res/app/1/American-Gothic-grant-wood-painting.jpg [] []
[2016-11-23 16:10:45] DbHandler.INFO: getMediaPath of 1 [] []
[2016-11-23 16:10:45] Main.INFO: /getMedia sending media from path ../../res/app/1/American-Gothic-grant-wood-painting.jpg [] []
[2016-11-23 16:10:45] DbHandler.INFO: getMediaPath of 1 [] []
[2016-11-23 16:10:45] Main.INFO: /getMedia sending media from path ../../res/app/1/American-Gothic-grant-wood-painting.jpg [] []
[2016-11-23 16:10:45] DbHandler.INFO: getMediaPath of 1 [] []
[2016-11-23 16:10:45] Main.INFO: /getMedia sending media from path ../../res/app/1/American-Gothic-grant-wood-painting.jpg [] []
[2016-11-23 16:10:46] DbHandler.INFO: getMediaPath of 1 [] []
[2016-11-23 16:10:46] Main.INFO: /getMedia sending media from path ../../res/app/1/American-Gothic-grant-wood-painting.jpg [] []
[2016-11-23 16:10:46] DbHandler.INFO: Deleted app number 53 from apps [] []
[2016-11-23 16:10:46] DbHandler.INFO: Deleted container of app 53 from module_containers [] []
[2016-11-23 16:10:46] DbHandler.INFO: getMediaPath of 1 [] []
[2016-11-23 16:10:46] Main.INFO: /getMedia sending media from path ../../res/app/1/American-Gothic-grant-wood-painting.jpg [] []
[2016-11-23 16:10:46] Main.INFO: /user headers Authorization: Bearer eyJ0eXAiOiJKV1QiLCJhbGciOiJIUzI1NiJ9.eyJpYXQiOjE0Nzk5MTczMTcsIm5iZiI6MTQ3OTkxNzMxNywiZXhwIjoxNDgwNTIyMTE3LCJkYXRhIjp7InVzZXJJZCI6MX19.8JAlPVH_B64ymdi7N5pE3NhRoaIlW3XK4hEQSQtzGBI [] []
[2016-11-23 16:10:46] Main.INFO: jwt eyJ0eXAiOiJKV1QiLCJhbGciOiJIUzI1NiJ9.eyJpYXQiOjE0Nzk5MTczMTcsIm5iZiI6MTQ3OTkxNzMxNywiZXhwIjoxNDgwNTIyMTE3LCJkYXRhIjp7InVzZXJJZCI6MX19.8JAlPVH_B64ymdi7N5pE3NhRoaIlW3XK4hEQSQtzGBI [] []
[2016-11-23 16:10:46] Main.INFO: User's info sent [] []
[2016-11-23 16:10:46] DbHandler.INFO: getMediaPath of 1 [] []
[2016-11-23 16:10:46] Main.INFO: /getMedia sending media from path ../../res/app/1/American-Gothic-grant-wood-painting.jpg [] []
[2016-11-23 16:10:47] DbHandler.INFO: getMediaPath of 215 [] []
[2016-11-23 16:10:47] Main.INFO: /getMedia sending media from path ../../res/app/default/icon.png [] []
[2016-11-23 16:10:47] DbHandler.INFO: getMediaPath of 222 [] []
[2016-11-23 16:10:47] Main.INFO: /getMedia sending media from path ../../res/app/default/icon.png [] []
[2016-11-23 16:10:47] DbHandler.INFO: getMediaPath of 229 [] []
[2016-11-23 16:10:47] Main.INFO: /getMedia sending media from path ./res/app/54/icon.jpg [] []
[2016-11-23 16:10:47] DbHandler.INFO: getMediaPath of 231 [] []
[2016-11-23 16:10:47] Main.INFO: /getMedia sending media from path ./res/app/default/icon.png [] []
[2016-11-23 16:10:47] DbHandler.INFO: getMediaPath of 233 [] []
[2016-11-23 16:10:47] Main.INFO: /getMedia sending media from path ./res/app/default/icon.png [] []
[2016-11-23 16:10:47] DbHandler.INFO: getMediaPath of 235 [] []
[2016-11-23 16:10:47] Main.INFO: /getMedia sending media from path ./res/app/default/icon.png [] []
[2016-11-23 16:10:47] DbHandler.INFO: getMediaPath of 211 [] []
[2016-11-23 16:10:47] Main.INFO: /getMedia sending media from path ../../res/app/default/icon.png [] []
[2016-11-23 16:10:47] DbHandler.INFO: getMediaPath of 213 [] []
[2016-11-23 16:10:47] Main.INFO: /getMedia sending media from path ../../res/app/default/icon.png [] []
[2016-11-23 16:10:47] DbHandler.INFO: getMediaPath of 1 [] []
[2016-11-23 16:10:47] Main.INFO: /getMedia sending media from path ../../res/app/1/American-Gothic-grant-wood-painting.jpg [] []
[2016-11-23 16:10:48] DbHandler.INFO: getMediaPath of 1 [] []
[2016-11-23 16:10:48] Main.INFO: /getMedia sending media from path ../../res/app/1/American-Gothic-grant-wood-painting.jpg [] []
[2016-11-23 16:10:48] DbHandler.INFO: getMediaPath of 1 [] []
[2016-11-23 16:10:48] Main.INFO: /getMedia sending media from path ../../res/app/1/American-Gothic-grant-wood-painting.jpg [] []
[2016-11-23 16:10:48] DbHandler.INFO: getMediaPath of 1 [] []
[2016-11-23 16:10:48] Main.INFO: /getMedia sending media from path ../../res/app/1/American-Gothic-grant-wood-painting.jpg [] []
[2016-11-23 16:10:49] DbHandler.INFO: getMediaPath of 1 [] []
[2016-11-23 16:10:49] Main.INFO: /getMedia sending media from path ../../res/app/1/American-Gothic-grant-wood-painting.jpg [] []
[2016-11-23 16:10:49] DbHandler.INFO: getMediaPath of 1 [] []
[2016-11-23 16:10:49] Main.INFO: /getMedia sending media from path ../../res/app/1/American-Gothic-grant-wood-painting.jpg [] []
[2016-11-23 16:10:52] DbHandler.INFO: Deleted app number 51 from apps [] []
[2016-11-23 16:10:52] DbHandler.INFO: Deleted container of app 51 from module_containers [] []
[2016-11-23 16:10:52] DbHandler.INFO: getMediaPath of 1 [] []
[2016-11-23 16:10:52] Main.INFO: /getMedia sending media from path ../../res/app/1/American-Gothic-grant-wood-painting.jpg [] []
[2016-11-23 16:10:52] Main.INFO: /user headers Authorization: Bearer eyJ0eXAiOiJKV1QiLCJhbGciOiJIUzI1NiJ9.eyJpYXQiOjE0Nzk5MTczMTcsIm5iZiI6MTQ3OTkxNzMxNywiZXhwIjoxNDgwNTIyMTE3LCJkYXRhIjp7InVzZXJJZCI6MX19.8JAlPVH_B64ymdi7N5pE3NhRoaIlW3XK4hEQSQtzGBI [] []
[2016-11-23 16:10:52] Main.INFO: jwt eyJ0eXAiOiJKV1QiLCJhbGciOiJIUzI1NiJ9.eyJpYXQiOjE0Nzk5MTczMTcsIm5iZiI6MTQ3OTkxNzMxNywiZXhwIjoxNDgwNTIyMTE3LCJkYXRhIjp7InVzZXJJZCI6MX19.8JAlPVH_B64ymdi7N5pE3NhRoaIlW3XK4hEQSQtzGBI [] []
[2016-11-23 16:10:52] Main.INFO: User's info sent [] []
[2016-11-23 16:10:52] DbHandler.INFO: getMediaPath of 1 [] []
[2016-11-23 16:10:52] Main.INFO: /getMedia sending media from path ../../res/app/1/American-Gothic-grant-wood-painting.jpg [] []
[2016-11-23 16:10:52] DbHandler.INFO: getMediaPath of 211 [] []
[2016-11-23 16:10:52] Main.INFO: /getMedia sending media from path ../../res/app/default/icon.png [] []
[2016-11-23 16:10:53] DbHandler.INFO: getMediaPath of 213 [] []
[2016-11-23 16:10:53] Main.INFO: /getMedia sending media from path ../../res/app/default/icon.png [] []
[2016-11-23 16:10:53] DbHandler.INFO: getMediaPath of 215 [] []
[2016-11-23 16:10:53] Main.INFO: /getMedia sending media from path ../../res/app/default/icon.png [] []
[2016-11-23 16:10:53] DbHandler.INFO: getMediaPath of 229 [] []
[2016-11-23 16:10:53] Main.INFO: /getMedia sending media from path ./res/app/54/icon.jpg [] []
[2016-11-23 16:10:53] DbHandler.INFO: getMediaPath of 231 [] []
[2016-11-23 16:10:53] Main.INFO: /getMedia sending media from path ./res/app/default/icon.png [] []
[2016-11-23 16:10:53] DbHandler.INFO: getMediaPath of 233 [] []
[2016-11-23 16:10:53] Main.INFO: /getMedia sending media from path ./res/app/default/icon.png [] []
[2016-11-23 16:10:53] DbHandler.INFO: getMediaPath of 207 [] []
[2016-11-23 16:10:53] Main.INFO: /getMedia sending media from path ../../res/app/default/icon.png [] []
[2016-11-23 16:10:53] DbHandler.INFO: getMediaPath of 209 [] []
[2016-11-23 16:10:53] Main.INFO: /getMedia sending media from path ../../res/app/default/icon.png [] []
[2016-11-23 16:10:53] DbHandler.INFO: getMediaPath of 1 [] []
[2016-11-23 16:10:53] Main.INFO: /getMedia sending media from path ../../res/app/1/American-Gothic-grant-wood-painting.jpg [] []
[2016-11-23 16:10:54] DbHandler.INFO: getMediaPath of 1 [] []
[2016-11-23 16:10:54] Main.INFO: /getMedia sending media from path ../../res/app/1/American-Gothic-grant-wood-painting.jpg [] []
[2016-11-23 16:10:54] DbHandler.INFO: getMediaPath of 1 [] []
[2016-11-23 16:10:54] Main.INFO: /getMedia sending media from path ../../res/app/1/American-Gothic-grant-wood-painting.jpg [] []
[2016-11-23 16:10:54] DbHandler.INFO: getMediaPath of 1 [] []
[2016-11-23 16:10:54] Main.INFO: /getMedia sending media from path ../../res/app/1/American-Gothic-grant-wood-painting.jpg [] []
[2016-11-23 16:10:54] DbHandler.INFO: getMediaPath of 1 [] []
[2016-11-23 16:10:54] Main.INFO: /getMedia sending media from path ../../res/app/1/American-Gothic-grant-wood-painting.jpg [] []
[2016-11-23 16:10:55] DbHandler.INFO: getMediaPath of 1 [] []
[2016-11-23 16:10:55] Main.INFO: /getMedia sending media from path ../../res/app/1/American-Gothic-grant-wood-painting.jpg [] []
[2016-11-23 16:10:58] DbHandler.INFO: Deleted app number 47 from apps [] []
[2016-11-23 16:10:58] DbHandler.INFO: Deleted container of app 47 from module_containers [] []
[2016-11-23 16:10:58] Main.INFO: /user headers Authorization: Bearer eyJ0eXAiOiJKV1QiLCJhbGciOiJIUzI1NiJ9.eyJpYXQiOjE0Nzk5MTczMTcsIm5iZiI6MTQ3OTkxNzMxNywiZXhwIjoxNDgwNTIyMTE3LCJkYXRhIjp7InVzZXJJZCI6MX19.8JAlPVH_B64ymdi7N5pE3NhRoaIlW3XK4hEQSQtzGBI [] []
[2016-11-23 16:10:58] DbHandler.INFO: getMediaPath of 1 [] []
[2016-11-23 16:10:58] Main.INFO: jwt eyJ0eXAiOiJKV1QiLCJhbGciOiJIUzI1NiJ9.eyJpYXQiOjE0Nzk5MTczMTcsIm5iZiI6MTQ3OTkxNzMxNywiZXhwIjoxNDgwNTIyMTE3LCJkYXRhIjp7InVzZXJJZCI6MX19.8JAlPVH_B64ymdi7N5pE3NhRoaIlW3XK4hEQSQtzGBI [] []
[2016-11-23 16:10:58] Main.INFO: /getMedia sending media from path ../../res/app/1/American-Gothic-grant-wood-painting.jpg [] []
[2016-11-23 16:10:58] Main.INFO: User's info sent [] []
[2016-11-23 16:10:58] DbHandler.INFO: getMediaPath of 1 [] []
[2016-11-23 16:10:58] Main.INFO: /getMedia sending media from path ../../res/app/1/American-Gothic-grant-wood-painting.jpg [] []
[2016-11-23 16:10:59] DbHandler.INFO: getMediaPath of 207 [] []
[2016-11-23 16:10:59] Main.INFO: /getMedia sending media from path ../../res/app/default/icon.png [] []
[2016-11-23 16:10:59] DbHandler.INFO: getMediaPath of 209 [] []
[2016-11-23 16:10:59] Main.INFO: /getMedia sending media from path ../../res/app/default/icon.png [] []
[2016-11-23 16:10:59] DbHandler.INFO: getMediaPath of 211 [] []
[2016-11-23 16:10:59] Main.INFO: /getMedia sending media from path ../../res/app/default/icon.png [] []
[2016-11-23 16:10:59] DbHandler.INFO: getMediaPath of 215 [] []
[2016-11-23 16:10:59] Main.INFO: /getMedia sending media from path ../../res/app/default/icon.png [] []
[2016-11-23 16:10:59] DbHandler.INFO: getMediaPath of 229 [] []
[2016-11-23 16:10:59] Main.INFO: /getMedia sending media from path ./res/app/54/icon.jpg [] []
[2016-11-23 16:10:59] DbHandler.INFO: getMediaPath of 231 [] []
[2016-11-23 16:10:59] Main.INFO: /getMedia sending media from path ./res/app/default/icon.png [] []
[2016-11-23 16:10:59] DbHandler.INFO: getMediaPath of 1 [] []
[2016-11-23 16:10:59] Main.INFO: /getMedia sending media from path ../../res/app/1/American-Gothic-grant-wood-painting.jpg [] []
[2016-11-23 16:11:00] DbHandler.INFO: getMediaPath of 1 [] []
[2016-11-23 16:11:00] Main.INFO: /getMedia sending media from path ../../res/app/1/American-Gothic-grant-wood-painting.jpg [] []
[2016-11-23 16:11:01] DbHandler.INFO: Deleted app number 46 from apps [] []
[2016-11-23 16:11:01] DbHandler.INFO: Deleted container of app 46 from module_containers [] []
[2016-11-23 16:11:01] DbHandler.INFO: getMediaPath of 1 [] []
[2016-11-23 16:11:01] Main.INFO: /getMedia sending media from path ../../res/app/1/American-Gothic-grant-wood-painting.jpg [] []
[2016-11-23 16:11:01] Main.INFO: /user headers Authorization: Bearer eyJ0eXAiOiJKV1QiLCJhbGciOiJIUzI1NiJ9.eyJpYXQiOjE0Nzk5MTczMTcsIm5iZiI6MTQ3OTkxNzMxNywiZXhwIjoxNDgwNTIyMTE3LCJkYXRhIjp7InVzZXJJZCI6MX19.8JAlPVH_B64ymdi7N5pE3NhRoaIlW3XK4hEQSQtzGBI [] []
[2016-11-23 16:11:01] Main.INFO: jwt eyJ0eXAiOiJKV1QiLCJhbGciOiJIUzI1NiJ9.eyJpYXQiOjE0Nzk5MTczMTcsIm5iZiI6MTQ3OTkxNzMxNywiZXhwIjoxNDgwNTIyMTE3LCJkYXRhIjp7InVzZXJJZCI6MX19.8JAlPVH_B64ymdi7N5pE3NhRoaIlW3XK4hEQSQtzGBI [] []
[2016-11-23 16:11:01] Main.INFO: User's info sent [] []
[2016-11-23 16:11:01] DbHandler.INFO: getMediaPath of 1 [] []
[2016-11-23 16:11:01] Main.INFO: /getMedia sending media from path ../../res/app/1/American-Gothic-grant-wood-painting.jpg [] []
[2016-11-23 16:11:01] DbHandler.INFO: getMediaPath of 207 [] []
[2016-11-23 16:11:01] Main.INFO: /getMedia sending media from path ../../res/app/default/icon.png [] []
[2016-11-23 16:11:02] DbHandler.INFO: getMediaPath of 209 [] []
[2016-11-23 16:11:02] Main.INFO: /getMedia sending media from path ../../res/app/default/icon.png [] []
[2016-11-23 16:11:02] DbHandler.INFO: getMediaPath of 215 [] []
[2016-11-23 16:11:02] Main.INFO: /getMedia sending media from path ../../res/app/default/icon.png [] []
[2016-11-23 16:11:02] DbHandler.INFO: getMediaPath of 229 [] []
[2016-11-23 16:11:02] Main.INFO: /getMedia sending media from path ./res/app/54/icon.jpg [] []
[2016-11-23 16:11:02] DbHandler.INFO: getMediaPath of 231 [] []
[2016-11-23 16:11:02] Main.INFO: /getMedia sending media from path ./res/app/default/icon.png [] []
[2016-11-23 16:11:02] DbHandler.INFO: getMediaPath of 233 [] []
[2016-11-23 16:11:02] Main.INFO: /getMedia sending media from path ./res/app/default/icon.png [] []
[2016-11-23 16:11:02] DbHandler.INFO: getMediaPath of 203 [] []
[2016-11-23 16:11:02] Main.INFO: /getMedia sending media from path ../../res/app/default/icon.png [] []
[2016-11-23 16:11:02] DbHandler.INFO: getMediaPath of 205 [] []
[2016-11-23 16:11:02] Main.INFO: /getMedia sending media from path ../../res/app/default/icon.png [] []
[2016-11-23 16:11:02] DbHandler.INFO: getMediaPath of 1 [] []
[2016-11-23 16:11:02] Main.INFO: /getMedia sending media from path ../../res/app/1/American-Gothic-grant-wood-painting.jpg [] []
[2016-11-23 16:11:03] DbHandler.INFO: getMediaPath of 1 [] []
[2016-11-23 16:11:03] Main.INFO: /getMedia sending media from path ../../res/app/1/American-Gothic-grant-wood-painting.jpg [] []
[2016-11-23 16:11:03] DbHandler.INFO: getMediaPath of 1 [] []
[2016-11-23 16:11:03] Main.INFO: /getMedia sending media from path ../../res/app/1/American-Gothic-grant-wood-painting.jpg [] []
[2016-11-23 16:11:03] DbHandler.INFO: getMediaPath of 1 [] []
[2016-11-23 16:11:03] Main.INFO: /getMedia sending media from path ../../res/app/1/American-Gothic-grant-wood-painting.jpg [] []
[2016-11-23 16:11:03] DbHandler.INFO: getMediaPath of 1 [] []
[2016-11-23 16:11:03] Main.INFO: /getMedia sending media from path ../../res/app/1/American-Gothic-grant-wood-painting.jpg [] []
[2016-11-23 16:11:04] DbHandler.INFO: getMediaPath of 1 [] []
[2016-11-23 16:11:04] Main.INFO: /getMedia sending media from path ../../res/app/1/American-Gothic-grant-wood-painting.jpg [] []
[2016-11-23 16:11:04] DbHandler.INFO: Deleted app number 45 from apps [] []
[2016-11-23 16:11:04] DbHandler.INFO: Deleted container of app 45 from module_containers [] []
[2016-11-23 16:11:05] DbHandler.INFO: getMediaPath of 1 [] []
[2016-11-23 16:11:05] Main.INFO: /getMedia sending media from path ../../res/app/1/American-Gothic-grant-wood-painting.jpg [] []
[2016-11-23 16:11:05] Main.INFO: /user headers Authorization: Bearer eyJ0eXAiOiJKV1QiLCJhbGciOiJIUzI1NiJ9.eyJpYXQiOjE0Nzk5MTczMTcsIm5iZiI6MTQ3OTkxNzMxNywiZXhwIjoxNDgwNTIyMTE3LCJkYXRhIjp7InVzZXJJZCI6MX19.8JAlPVH_B64ymdi7N5pE3NhRoaIlW3XK4hEQSQtzGBI [] []
[2016-11-23 16:11:05] Main.INFO: jwt eyJ0eXAiOiJKV1QiLCJhbGciOiJIUzI1NiJ9.eyJpYXQiOjE0Nzk5MTczMTcsIm5iZiI6MTQ3OTkxNzMxNywiZXhwIjoxNDgwNTIyMTE3LCJkYXRhIjp7InVzZXJJZCI6MX19.8JAlPVH_B64ymdi7N5pE3NhRoaIlW3XK4hEQSQtzGBI [] []
[2016-11-23 16:11:05] Main.INFO: User's info sent [] []
[2016-11-23 16:11:05] DbHandler.INFO: getMediaPath of 1 [] []
[2016-11-23 16:11:05] Main.INFO: /getMedia sending media from path ../../res/app/1/American-Gothic-grant-wood-painting.jpg [] []
[2016-11-23 16:11:05] DbHandler.INFO: getMediaPath of 203 [] []
[2016-11-23 16:11:05] Main.INFO: /getMedia sending media from path ../../res/app/default/icon.png [] []
[2016-11-23 16:11:05] DbHandler.INFO: getMediaPath of 205 [] []
[2016-11-23 16:11:05] Main.INFO: /getMedia sending media from path ../../res/app/default/icon.png [] []
[2016-11-23 16:11:05] DbHandler.INFO: getMediaPath of 207 [] []
[2016-11-23 16:11:05] Main.INFO: /getMedia sending media from path ../../res/app/default/icon.png [] []
[2016-11-23 16:11:05] DbHandler.INFO: getMediaPath of 215 [] []
[2016-11-23 16:11:05] Main.INFO: /getMedia sending media from path ../../res/app/default/icon.png [] []
[2016-11-23 16:11:06] DbHandler.INFO: getMediaPath of 229 [] []
[2016-11-23 16:11:06] Main.INFO: /getMedia sending media from path ./res/app/54/icon.jpg [] []
[2016-11-23 16:11:06] DbHandler.INFO: getMediaPath of 231 [] []
[2016-11-23 16:11:06] Main.INFO: /getMedia sending media from path ./res/app/default/icon.png [] []
[2016-11-23 16:11:06] DbHandler.INFO: getMediaPath of 1 [] []
[2016-11-23 16:11:06] Main.INFO: /getMedia sending media from path ../../res/app/1/American-Gothic-grant-wood-painting.jpg [] []
[2016-11-23 16:11:06] DbHandler.INFO: getMediaPath of 1 [] []
[2016-11-23 16:11:06] Main.INFO: /getMedia sending media from path ../../res/app/1/American-Gothic-grant-wood-painting.jpg [] []
[2016-11-23 16:11:08] DbHandler.INFO: Deleted app number 44 from apps [] []
[2016-11-23 16:11:08] DbHandler.INFO: Deleted container of app 44 from module_containers [] []
[2016-11-23 16:11:08] DbHandler.INFO: getMediaPath of 1 [] []
[2016-11-23 16:11:08] Main.INFO: /getMedia sending media from path ../../res/app/1/American-Gothic-grant-wood-painting.jpg [] []
[2016-11-23 16:11:08] Main.INFO: /user headers Authorization: Bearer eyJ0eXAiOiJKV1QiLCJhbGciOiJIUzI1NiJ9.eyJpYXQiOjE0Nzk5MTczMTcsIm5iZiI6MTQ3OTkxNzMxNywiZXhwIjoxNDgwNTIyMTE3LCJkYXRhIjp7InVzZXJJZCI6MX19.8JAlPVH_B64ymdi7N5pE3NhRoaIlW3XK4hEQSQtzGBI [] []
[2016-11-23 16:11:08] Main.INFO: jwt eyJ0eXAiOiJKV1QiLCJhbGciOiJIUzI1NiJ9.eyJpYXQiOjE0Nzk5MTczMTcsIm5iZiI6MTQ3OTkxNzMxNywiZXhwIjoxNDgwNTIyMTE3LCJkYXRhIjp7InVzZXJJZCI6MX19.8JAlPVH_B64ymdi7N5pE3NhRoaIlW3XK4hEQSQtzGBI [] []
[2016-11-23 16:11:08] Main.INFO: User's info sent [] []
[2016-11-23 16:11:08] DbHandler.INFO: getMediaPath of 1 [] []
[2016-11-23 16:11:08] Main.INFO: /getMedia sending media from path ../../res/app/1/American-Gothic-grant-wood-painting.jpg [] []
[2016-11-23 16:11:08] DbHandler.INFO: getMediaPath of 203 [] []
[2016-11-23 16:11:08] Main.INFO: /getMedia sending media from path ../../res/app/default/icon.png [] []
[2016-11-23 16:11:08] DbHandler.INFO: getMediaPath of 205 [] []
[2016-11-23 16:11:08] Main.INFO: /getMedia sending media from path ../../res/app/default/icon.png [] []
[2016-11-23 16:11:08] DbHandler.INFO: getMediaPath of 215 [] []
[2016-11-23 16:11:08] Main.INFO: /getMedia sending media from path ../../res/app/default/icon.png [] []
[2016-11-23 16:11:08] DbHandler.INFO: getMediaPath of 229 [] []
[2016-11-23 16:11:08] Main.INFO: /getMedia sending media from path ./res/app/54/icon.jpg [] []
[2016-11-23 16:11:08] DbHandler.INFO: getMediaPath of 231 [] []
[2016-11-23 16:11:08] Main.INFO: /getMedia sending media from path ./res/app/default/icon.png [] []
[2016-11-23 16:11:09] DbHandler.INFO: getMediaPath of 233 [] []
[2016-11-23 16:11:09] Main.INFO: /getMedia sending media from path ./res/app/default/icon.png [] []
[2016-11-23 16:11:09] DbHandler.INFO: getMediaPath of 199 [] []
[2016-11-23 16:11:09] Main.INFO: /getMedia sending media from path ../../res/app/default/icon.png [] []
[2016-11-23 16:11:09] DbHandler.INFO: getMediaPath of 201 [] []
[2016-11-23 16:11:09] Main.INFO: /getMedia sending media from path ../../res/app/default/icon.png [] []
[2016-11-23 16:11:09] DbHandler.INFO: getMediaPath of 1 [] []
[2016-11-23 16:11:09] Main.INFO: /getMedia sending media from path ../../res/app/1/American-Gothic-grant-wood-painting.jpg [] []
[2016-11-23 16:11:09] DbHandler.INFO: getMediaPath of 1 [] []
[2016-11-23 16:11:09] Main.INFO: /getMedia sending media from path ../../res/app/1/American-Gothic-grant-wood-painting.jpg [] []
[2016-11-23 16:11:09] DbHandler.INFO: getMediaPath of 1 [] []
[2016-11-23 16:11:09] Main.INFO: /getMedia sending media from path ../../res/app/1/American-Gothic-grant-wood-painting.jpg [] []
[2016-11-23 16:11:10] DbHandler.INFO: getMediaPath of 1 [] []
[2016-11-23 16:11:10] Main.INFO: /getMedia sending media from path ../../res/app/1/American-Gothic-grant-wood-painting.jpg [] []
[2016-11-23 16:11:10] DbHandler.INFO: getMediaPath of 1 [] []
[2016-11-23 16:11:10] Main.INFO: /getMedia sending media from path ../../res/app/1/American-Gothic-grant-wood-painting.jpg [] []
[2016-11-23 16:11:10] DbHandler.INFO: getMediaPath of 1 [] []
[2016-11-23 16:11:10] Main.INFO: /getMedia sending media from path ../../res/app/1/American-Gothic-grant-wood-painting.jpg [] []
[2016-11-23 16:11:11] DbHandler.INFO: Deleted app number 43 from apps [] []
[2016-11-23 16:11:11] DbHandler.INFO: Deleted container of app 43 from module_containers [] []
[2016-11-23 16:11:11] DbHandler.INFO: getMediaPath of 1 [] []
[2016-11-23 16:11:11] Main.INFO: /getMedia sending media from path ../../res/app/1/American-Gothic-grant-wood-painting.jpg [] []
[2016-11-23 16:11:11] Main.INFO: /user headers Authorization: Bearer eyJ0eXAiOiJKV1QiLCJhbGciOiJIUzI1NiJ9.eyJpYXQiOjE0Nzk5MTczMTcsIm5iZiI6MTQ3OTkxNzMxNywiZXhwIjoxNDgwNTIyMTE3LCJkYXRhIjp7InVzZXJJZCI6MX19.8JAlPVH_B64ymdi7N5pE3NhRoaIlW3XK4hEQSQtzGBI [] []
[2016-11-23 16:11:11] Main.INFO: jwt eyJ0eXAiOiJKV1QiLCJhbGciOiJIUzI1NiJ9.eyJpYXQiOjE0Nzk5MTczMTcsIm5iZiI6MTQ3OTkxNzMxNywiZXhwIjoxNDgwNTIyMTE3LCJkYXRhIjp7InVzZXJJZCI6MX19.8JAlPVH_B64ymdi7N5pE3NhRoaIlW3XK4hEQSQtzGBI [] []
[2016-11-23 16:11:11] Main.INFO: User's info sent [] []
[2016-11-23 16:11:11] DbHandler.INFO: getMediaPath of 1 [] []
[2016-11-23 16:11:11] Main.INFO: /getMedia sending media from path ../../res/app/1/American-Gothic-grant-wood-painting.jpg [] []
[2016-11-23 16:11:11] DbHandler.INFO: getMediaPath of 199 [] []
[2016-11-23 16:11:12] Main.INFO: /getMedia sending media from path ../../res/app/default/icon.png [] []
[2016-11-23 16:11:12] DbHandler.INFO: getMediaPath of 201 [] []
[2016-11-23 16:11:12] Main.INFO: /getMedia sending media from path ../../res/app/default/icon.png [] []
[2016-11-23 16:11:12] DbHandler.INFO: getMediaPath of 203 [] []
[2016-11-23 16:11:12] Main.INFO: /getMedia sending media from path ../../res/app/default/icon.png [] []
[2016-11-23 16:11:12] DbHandler.INFO: getMediaPath of 215 [] []
[2016-11-23 16:11:12] Main.INFO: /getMedia sending media from path ../../res/app/default/icon.png [] []
[2016-11-23 16:11:12] DbHandler.INFO: getMediaPath of 229 [] []
[2016-11-23 16:11:12] Main.INFO: /getMedia sending media from path ./res/app/54/icon.jpg [] []
[2016-11-23 16:11:12] DbHandler.INFO: getMediaPath of 231 [] []
[2016-11-23 16:11:12] Main.INFO: /getMedia sending media from path ./res/app/default/icon.png [] []
[2016-11-23 16:11:12] DbHandler.INFO: getMediaPath of 1 [] []
[2016-11-23 16:11:12] Main.INFO: /getMedia sending media from path ../../res/app/1/American-Gothic-grant-wood-painting.jpg [] []
[2016-11-23 16:11:12] DbHandler.INFO: getMediaPath of 1 [] []
[2016-11-23 16:11:12] Main.INFO: /getMedia sending media from path ../../res/app/1/American-Gothic-grant-wood-painting.jpg [] []
[2016-11-23 16:11:14] DbHandler.INFO: Deleted app number 42 from apps [] []
[2016-11-23 16:11:14] DbHandler.INFO: Deleted container of app 42 from module_containers [] []
[2016-11-23 16:11:14] DbHandler.INFO: getMediaPath of 1 [] []
[2016-11-23 16:11:14] Main.INFO: /getMedia sending media from path ../../res/app/1/American-Gothic-grant-wood-painting.jpg [] []
[2016-11-23 16:11:14] Main.INFO: /user headers Authorization: Bearer eyJ0eXAiOiJKV1QiLCJhbGciOiJIUzI1NiJ9.eyJpYXQiOjE0Nzk5MTczMTcsIm5iZiI6MTQ3OTkxNzMxNywiZXhwIjoxNDgwNTIyMTE3LCJkYXRhIjp7InVzZXJJZCI6MX19.8JAlPVH_B64ymdi7N5pE3NhRoaIlW3XK4hEQSQtzGBI [] []
[2016-11-23 16:11:14] Main.INFO: jwt eyJ0eXAiOiJKV1QiLCJhbGciOiJIUzI1NiJ9.eyJpYXQiOjE0Nzk5MTczMTcsIm5iZiI6MTQ3OTkxNzMxNywiZXhwIjoxNDgwNTIyMTE3LCJkYXRhIjp7InVzZXJJZCI6MX19.8JAlPVH_B64ymdi7N5pE3NhRoaIlW3XK4hEQSQtzGBI [] []
[2016-11-23 16:11:14] Main.INFO: User's info sent [] []
[2016-11-23 16:11:14] DbHandler.INFO: getMediaPath of 1 [] []
[2016-11-23 16:11:14] Main.INFO: /getMedia sending media from path ../../res/app/1/American-Gothic-grant-wood-painting.jpg [] []
[2016-11-23 16:11:14] DbHandler.INFO: getMediaPath of 199 [] []
[2016-11-23 16:11:14] Main.INFO: /getMedia sending media from path ../../res/app/default/icon.png [] []
[2016-11-23 16:11:14] DbHandler.INFO: getMediaPath of 201 [] []
[2016-11-23 16:11:14] Main.INFO: /getMedia sending media from path ../../res/app/default/icon.png [] []
[2016-11-23 16:11:15] DbHandler.INFO: getMediaPath of 215 [] []
[2016-11-23 16:11:15] Main.INFO: /getMedia sending media from path ../../res/app/default/icon.png [] []
[2016-11-23 16:11:15] DbHandler.INFO: getMediaPath of 229 [] []
[2016-11-23 16:11:15] Main.INFO: /getMedia sending media from path ./res/app/54/icon.jpg [] []
[2016-11-23 16:11:15] DbHandler.INFO: getMediaPath of 231 [] []
[2016-11-23 16:11:15] Main.INFO: /getMedia sending media from path ./res/app/default/icon.png [] []
[2016-11-23 16:11:15] DbHandler.INFO: getMediaPath of 233 [] []
[2016-11-23 16:11:15] Main.INFO: /getMedia sending media from path ./res/app/default/icon.png [] []
[2016-11-23 16:11:15] DbHandler.INFO: getMediaPath of 195 [] []
[2016-11-23 16:11:15] Main.INFO: /getMedia sending media from path ../../res/app/default/icon.png [] []
[2016-11-23 16:11:15] DbHandler.INFO: getMediaPath of 197 [] []
[2016-11-23 16:11:15] Main.INFO: /getMedia sending media from path ../../res/app/default/icon.png [] []
[2016-11-23 16:11:15] DbHandler.INFO: getMediaPath of 191 [] []
[2016-11-23 16:11:15] Main.INFO: /getMedia sending media from path ../../res/app/default/icon.png [] []
[2016-11-23 16:11:15] DbHandler.INFO: getMediaPath of 193 [] []
[2016-11-23 16:11:15] Main.INFO: /getMedia sending media from path ../../res/app/default/icon.png [] []
[2016-11-23 16:11:15] DbHandler.INFO: getMediaPath of 185 [] []
[2016-11-23 16:11:15] Main.INFO: /getMedia sending media from path ../../res/app/default/icon.png [] []
[2016-11-23 16:11:15] DbHandler.INFO: getMediaPath of 187 [] []
[2016-11-23 16:11:15] Main.INFO: /getMedia sending media from path ../../res/app/default/icon.png [] []
[2016-11-23 16:11:16] DbHandler.INFO: getMediaPath of 161 [] []
[2016-11-23 16:11:16] Main.INFO: /getMedia sending media from path ../../res/app/default/icon.png [] []
[2016-11-23 16:11:16] DbHandler.INFO: getMediaPath of 183 [] []
[2016-11-23 16:11:16] Main.INFO: /getMedia sending media from path ../../res/app/default/icon.png [] []
[2016-11-23 16:11:16] DbHandler.INFO: getMediaPath of 155 [] []
[2016-11-23 16:11:16] Main.INFO: /getMedia sending media from path ../../res/app/default/icon.png [] []
[2016-11-23 16:11:16] DbHandler.INFO: getMediaPath of 157 [] []
[2016-11-23 16:11:16] Main.INFO: /getMedia sending media from path ../../res/app/default/icon.png [] []
[2016-11-23 16:11:16] DbHandler.INFO: getMediaPath of 1 [] []
[2016-11-23 16:11:16] Main.INFO: /getMedia sending media from path ../../res/app/1/American-Gothic-grant-wood-painting.jpg [] []
[2016-11-23 16:11:16] DbHandler.INFO: getMediaPath of 1 [] []
[2016-11-23 16:11:16] Main.INFO: /getMedia sending media from path ../../res/app/1/American-Gothic-grant-wood-painting.jpg [] []
[2016-11-23 16:11:17] DbHandler.INFO: getMediaPath of 125 [] []
[2016-11-23 16:11:17] Main.INFO: /getMedia sending media from path ../../res/app/default/icon.png [] []
[2016-11-23 16:11:17] DbHandler.INFO: getMediaPath of 133 [] []
[2016-11-23 16:11:17] Main.INFO: /getMedia sending media from path ../../res/app/default/icon.png [] []
[2016-11-23 16:11:17] DbHandler.INFO: getMediaPath of 1 [] []
[2016-11-23 16:11:17] Main.INFO: /getMedia sending media from path ../../res/app/1/American-Gothic-grant-wood-painting.jpg [] []
[2016-11-23 16:11:17] DbHandler.INFO: getMediaPath of 104 [] []
[2016-11-23 16:11:17] Main.INFO: /getMedia sending media from path ../../res/app/9/Auguste_Renoir_-_Dance_at_Le_Moulin_de_la_Galette_-_Musée_dOrsay_RF_2739_derivative_work_-_AutoContrast_edit_in_LCH_space-1024x761.jpg [] []
[2016-11-23 16:11:17] DbHandler.INFO: getMediaPath of 1 [] []
[2016-11-23 16:11:17] Main.INFO: /getMedia sending media from path ../../res/app/1/American-Gothic-grant-wood-painting.jpg [] []
[2016-11-23 16:11:17] DbHandler.INFO: getMediaPath of 1 [] []
[2016-11-23 16:11:17] Main.INFO: /getMedia sending media from path ../../res/app/1/American-Gothic-grant-wood-painting.jpg [] []
[2016-11-23 16:11:18] DbHandler.INFO: getMediaPath of 1 [] []
[2016-11-23 16:11:18] Main.INFO: /getMedia sending media from path ../../res/app/1/American-Gothic-grant-wood-painting.jpg [] []
[2016-11-23 16:11:18] DbHandler.INFO: getMediaPath of 1 [] []
[2016-11-23 16:11:18] Main.INFO: /getMedia sending media from path ../../res/app/1/American-Gothic-grant-wood-painting.jpg [] []
[2016-11-23 16:11:18] DbHandler.INFO: getMediaPath of 1 [] []
[2016-11-23 16:11:18] Main.INFO: /getMedia sending media from path ../../res/app/1/American-Gothic-grant-wood-painting.jpg [] []
[2016-11-23 16:11:18] DbHandler.INFO: getMediaPath of 1 [] []
[2016-11-23 16:11:18] Main.INFO: /getMedia sending media from path ../../res/app/1/American-Gothic-grant-wood-painting.jpg [] []
[2016-11-23 16:11:19] DbHandler.INFO: getMediaPath of 1 [] []
[2016-11-23 16:11:19] Main.INFO: /getMedia sending media from path ../../res/app/1/American-Gothic-grant-wood-painting.jpg [] []
[2016-11-23 16:11:19] DbHandler.INFO: getMediaPath of 1 [] []
[2016-11-23 16:11:19] Main.INFO: /getMedia sending media from path ../../res/app/1/American-Gothic-grant-wood-painting.jpg [] []
[2016-11-23 16:11:19] DbHandler.INFO: getMediaPath of 1 [] []
[2016-11-23 16:11:19] Main.INFO: /getMedia sending media from path ../../res/app/1/American-Gothic-grant-wood-painting.jpg [] []
[2016-11-23 16:11:19] DbHandler.INFO: getMediaPath of 1 [] []
[2016-11-23 16:11:19] Main.INFO: /getMedia sending media from path ../../res/app/1/American-Gothic-grant-wood-painting.jpg [] []
[2016-11-23 16:11:20] DbHandler.INFO: getMediaPath of 1 [] []
[2016-11-23 16:11:20] Main.INFO: /getMedia sending media from path ../../res/app/1/American-Gothic-grant-wood-painting.jpg [] []
[2016-11-23 16:11:20] DbHandler.INFO: getMediaPath of 1 [] []
[2016-11-23 16:11:20] Main.INFO: /getMedia sending media from path ../../res/app/1/American-Gothic-grant-wood-painting.jpg [] []
[2016-11-23 16:11:20] DbHandler.INFO: getMediaPath of 1 [] []
[2016-11-23 16:11:20] Main.INFO: /getMedia sending media from path ../../res/app/1/American-Gothic-grant-wood-painting.jpg [] []
[2016-11-23 16:11:21] DbHandler.INFO: getMediaPath of 104 [] []
[2016-11-23 16:11:21] Main.INFO: /getMedia sending media from path ../../res/app/9/Auguste_Renoir_-_Dance_at_Le_Moulin_de_la_Galette_-_Musée_dOrsay_RF_2739_derivative_work_-_AutoContrast_edit_in_LCH_space-1024x761.jpg [] []
[2016-11-23 16:11:21] DbHandler.INFO: getMediaPath of 125 [] []
[2016-11-23 16:11:21] Main.INFO: /getMedia sending media from path ../../res/app/default/icon.png [] []
[2016-11-23 16:11:21] DbHandler.INFO: getMediaPath of 133 [] []
[2016-11-23 16:11:21] Main.INFO: /getMedia sending media from path ../../res/app/default/icon.png [] []
[2016-11-23 16:11:21] DbHandler.INFO: getMediaPath of 155 [] []
[2016-11-23 16:11:21] Main.INFO: /getMedia sending media from path ../../res/app/default/icon.png [] []
[2016-11-23 16:11:21] DbHandler.INFO: getMediaPath of 157 [] []
[2016-11-23 16:11:21] Main.INFO: /getMedia sending media from path ../../res/app/default/icon.png [] []
[2016-11-23 16:11:21] DbHandler.INFO: getMediaPath of 1 [] []
[2016-11-23 16:11:21] Main.INFO: /getMedia sending media from path ../../res/app/1/American-Gothic-grant-wood-painting.jpg [] []
[2016-11-23 16:11:22] DbHandler.INFO: getMediaPath of 1 [] []
[2016-11-23 16:11:22] Main.INFO: /getMedia sending media from path ../../res/app/1/American-Gothic-grant-wood-painting.jpg [] []
[2016-11-23 16:11:22] DbHandler.INFO: getMediaPath of 1 [] []
[2016-11-23 16:11:22] Main.INFO: /getMedia sending media from path ../../res/app/1/American-Gothic-grant-wood-painting.jpg [] []
[2016-11-23 16:11:22] DbHandler.INFO: getMediaPath of 1 [] []
[2016-11-23 16:11:22] Main.INFO: /getMedia sending media from path ../../res/app/1/American-Gothic-grant-wood-painting.jpg [] []
[2016-11-23 16:11:22] DbHandler.INFO: getMediaPath of 1 [] []
[2016-11-23 16:11:22] Main.INFO: /getMedia sending media from path ../../res/app/1/American-Gothic-grant-wood-painting.jpg [] []
[2016-11-23 16:11:23] DbHandler.INFO: getMediaPath of 1 [] []
[2016-11-23 16:11:23] Main.INFO: /getMedia sending media from path ../../res/app/1/American-Gothic-grant-wood-painting.jpg [] []
[2016-11-23 16:11:23] DbHandler.INFO: getMediaPath of 1 [] []
[2016-11-23 16:11:23] Main.INFO: /getMedia sending media from path ../../res/app/1/American-Gothic-grant-wood-painting.jpg [] []
[2016-11-23 16:11:23] DbHandler.INFO: getMediaPath of 1 [] []
[2016-11-23 16:11:23] Main.INFO: /getMedia sending media from path ../../res/app/1/American-Gothic-grant-wood-painting.jpg [] []
[2016-11-23 16:11:24] DbHandler.INFO: getMediaPath of 1 [] []
[2016-11-23 16:11:24] Main.INFO: /getMedia sending media from path ../../res/app/1/American-Gothic-grant-wood-painting.jpg [] []
[2016-11-23 16:11:24] DbHandler.INFO: getMediaPath of 1 [] []
[2016-11-23 16:11:24] Main.INFO: /getMedia sending media from path ../../res/app/1/American-Gothic-grant-wood-painting.jpg [] []
[2016-11-23 16:11:24] DbHandler.INFO: getMediaPath of 1 [] []
[2016-11-23 16:11:24] Main.INFO: /getMedia sending media from path ../../res/app/1/American-Gothic-grant-wood-painting.jpg [] []
[2016-11-23 16:11:25] DbHandler.INFO: getMediaPath of 1 [] []
[2016-11-23 16:11:25] Main.INFO: /getMedia sending media from path ../../res/app/1/American-Gothic-grant-wood-painting.jpg [] []
[2016-11-23 16:11:25] DbHandler.INFO: getMediaPath of 1 [] []
[2016-11-23 16:11:25] Main.INFO: /getMedia sending media from path ../../res/app/1/American-Gothic-grant-wood-painting.jpg [] []
[2016-11-23 16:11:25] DbHandler.INFO: getMediaPath of 1 [] []
[2016-11-23 16:11:25] Main.INFO: /getMedia sending media from path ../../res/app/1/American-Gothic-grant-wood-painting.jpg [] []
[2016-11-23 16:11:25] DbHandler.INFO: getMediaPath of 1 [] []
[2016-11-23 16:11:25] Main.INFO: /getMedia sending media from path ../../res/app/1/American-Gothic-grant-wood-painting.jpg [] []
[2016-11-23 16:11:26] DbHandler.INFO: getMediaPath of 1 [] []
[2016-11-23 16:11:26] Main.INFO: /getMedia sending media from path ../../res/app/1/American-Gothic-grant-wood-painting.jpg [] []
[2016-11-23 16:11:26] Main.INFO: loading App 1 [] []
[2016-11-23 16:11:26] DbHandler.INFO: getMediaPath of 2 [] []
[2016-11-23 16:11:26] Main.INFO: /getMedia sending media from path ../../res/app/1/landscape-with-the-fall-of-icarus-pieter-bruegel2.jpg [] []
[2016-11-23 16:11:32] Main.INFO: load Details for container 3 [] []
[2016-11-23 16:11:32] DbHandler.INFO: Get details in module_containers for container no 3 [] []
[2016-11-23 16:11:32] DbHandler.INFO: Get list of media modules [] []
[2016-11-23 16:11:32] DbHandler.INFO: Get list of content id of module 57 [] []
[2016-11-23 16:11:37] Main.INFO: Uploading file [] []
[2016-11-23 16:11:37] FileHandler.INFO: Saving image to 57 [] []
[2016-11-23 16:11:37] FileHandler.INFO: check if folder exists [] []
[2016-11-23 16:11:37] FileHandler.INFO: File is an image - image/jpeg. [] []
[2016-11-23 16:11:37] FileHandler.INFO: File size is 0.0298633575439 [] []
[2016-11-23 16:11:37] FileHandler.INFO: The file IMG-20161122-WA0002.jpg has been uploaded. [] []
[2016-11-23 16:11:37] DbHandler.INFO: save file of type image to module content sharing number 57, path: ../../res/module/57/image/IMG-20161122-WA0002.jpg [] []
[2016-11-23 16:11:38] DbHandler.INFO: getMediaPath of 239 [] []
[2016-11-23 16:11:38] Main.INFO: /getMedia sending media from path ../../res/module/57/image/IMG-20161122-WA0002.jpg [] []
[2016-11-23 16:11:40] DbHandler.INFO: getMediaPath of 239 [] []
[2016-11-23 16:11:40] Main.INFO: /getMedia sending media from path ../../res/module/57/image/IMG-20161122-WA0002.jpg [] []
[2016-11-23 16:11:47] Main.INFO: Uploading file [] []
[2016-11-23 16:11:47] FileHandler.INFO: Saving image to 57 [] []
[2016-11-23 16:11:47] FileHandler.INFO: check if folder exists [] []
[2016-11-23 16:11:47] FileHandler.INFO: File is an image - image/jpeg. [] []
[2016-11-23 16:11:47] FileHandler.INFO: File size is 0.483779907227 [] []
[2016-11-23 16:11:47] FileHandler.INFO: The file IMG-20161122-WA0000.jpeg has been uploaded. [] []
[2016-11-23 16:11:47] DbHandler.INFO: save file of type image to module content sharing number 57, path: ../../res/module/57/image/IMG-20161122-WA0000.jpeg [] []
[2016-11-23 16:11:47] DbHandler.INFO: getMediaPath of 239 [] []
[2016-11-23 16:11:47] Main.INFO: /getMedia sending media from path ../../res/module/57/image/IMG-20161122-WA0002.jpg [] []
[2016-11-23 16:11:48] DbHandler.INFO: getMediaPath of 240 [] []
[2016-11-23 16:11:48] Main.INFO: /getMedia sending media from path ../../res/module/57/image/IMG-20161122-WA0000.jpeg [] []
[2016-11-23 16:14:00] Main.INFO: /user headers Authorization: Bearer eyJ0eXAiOiJKV1QiLCJhbGciOiJIUzI1NiJ9.eyJpYXQiOjE0Nzk5MTczMTcsIm5iZiI6MTQ3OTkxNzMxNywiZXhwIjoxNDgwNTIyMTE3LCJkYXRhIjp7InVzZXJJZCI6MX19.8JAlPVH_B64ymdi7N5pE3NhRoaIlW3XK4hEQSQtzGBI [] []
[2016-11-23 16:14:00] Main.INFO: jwt eyJ0eXAiOiJKV1QiLCJhbGciOiJIUzI1NiJ9.eyJpYXQiOjE0Nzk5MTczMTcsIm5iZiI6MTQ3OTkxNzMxNywiZXhwIjoxNDgwNTIyMTE3LCJkYXRhIjp7InVzZXJJZCI6MX19.8JAlPVH_B64ymdi7N5pE3NhRoaIlW3XK4hEQSQtzGBI [] []
[2016-11-23 16:14:00] Main.INFO: User's info sent [] []
[2016-11-23 16:16:36] Main.INFO: loading App 12 [] []
[2016-11-23 16:16:36] DbHandler.INFO: getMediaPath of 134 [] []
[2016-11-23 16:16:36] Main.INFO: /getMedia sending media from path ../../res/app/default/background.png [] []
[2016-11-23 16:16:45] DbHandler.INFO: creating container [] []
[2016-11-23 16:16:45] DbHandler.INFO: container created with id 217 [] []
[2016-11-23 16:18:38] Main.INFO: /user headers Authorization: Bearer eyJ0eXAiOiJKV1QiLCJhbGciOiJIUzI1NiJ9.eyJpYXQiOjE0Nzk5MTczMTcsIm5iZiI6MTQ3OTkxNzMxNywiZXhwIjoxNDgwNTIyMTE3LCJkYXRhIjp7InVzZXJJZCI6MX19.8JAlPVH_B64ymdi7N5pE3NhRoaIlW3XK4hEQSQtzGBI [] []
[2016-11-23 16:18:38] Main.INFO: jwt eyJ0eXAiOiJKV1QiLCJhbGciOiJIUzI1NiJ9.eyJpYXQiOjE0Nzk5MTczMTcsIm5iZiI6MTQ3OTkxNzMxNywiZXhwIjoxNDgwNTIyMTE3LCJkYXRhIjp7InVzZXJJZCI6MX19.8JAlPVH_B64ymdi7N5pE3NhRoaIlW3XK4hEQSQtzGBI [] []
[2016-11-23 16:18:38] Main.INFO: User's info sent [] []
[2016-11-24 13:43:05] Main.INFO: Hello world is called [] []
